14:53:09.327 [main] INFO  org.springframework.boot.test.context.SpringBootTestContextBootstrapper - Neither @ContextConfiguration nor @ContextHierarchy found for test class [com.demo.mybatisplus.MpTest], using SpringBootContextLoader
14:53:09.333 [main] INFO  org.springframework.test.context.support.AbstractContextLoader - Could not detect default resource locations for test class [com.demo.mybatisplus.MpTest]: no resource found for suffixes {-context.xml, Context.groovy}.
14:53:09.489 [main] INFO  org.springframework.boot.test.context.SpringBootTestContextBootstrapper - Loaded default TestExecutionListener class names from location [META-INF/spring.factories]: [org.springframework.boot.test.mock.mockito.MockitoTestExecutionListener, org.springframework.boot.test.mock.mockito.ResetMocksTestExecutionListener, org.springframework.boot.test.autoconfigure.restdocs.RestDocsTestExecutionListener, org.springframework.boot.test.autoconfigure.web.client.MockRestServiceServerResetTestExecutionListener, org.springframework.boot.test.autoconfigure.web.servlet.MockMvcPrintOnlyOnFailureTestExecutionListener, org.springframework.boot.test.autoconfigure.web.servlet.WebDriverTestExecutionListener, org.springframework.boot.test.autoconfigure.webservices.client.MockWebServiceServerTestExecutionListener, org.springframework.test.context.web.ServletTestExecutionListener, org.springframework.test.context.support.DirtiesContextBeforeModesTestExecutionListener, org.springframework.test.context.event.ApplicationEventsTestExecutionListener, org.springframework.test.context.support.DependencyInjectionTestExecutionListener, org.springframework.test.context.support.DirtiesContextTestExecutionListener, org.springframework.test.context.transaction.TransactionalTestExecutionListener, org.springframework.test.context.jdbc.SqlScriptsTestExecutionListener, org.springframework.test.context.event.EventPublishingTestExecutionListener]
14:53:09.505 [main] INFO  org.springframework.boot.test.context.SpringBootTestContextBootstrapper - Using TestExecutionListeners: [org.springframework.test.context.support.DirtiesContextBeforeModesTestExecutionListener@769a1df5, org.springframework.test.context.event.ApplicationEventsTestExecutionListener@41f69e84, org.springframework.boot.test.mock.mockito.MockitoTestExecutionListener@7975d1d8, org.springframework.boot.test.autoconfigure.SpringBootDependencyInjectionTestExecutionListener@2438dcd, org.springframework.test.context.support.DirtiesContextTestExecutionListener@24105dc5, org.springframework.test.context.transaction.TransactionalTestExecutionListener@5167f57d, org.springframework.test.context.jdbc.SqlScriptsTestExecutionListener@64b0598, org.springframework.test.context.event.EventPublishingTestExecutionListener@18f8cd79, org.springframework.boot.test.mock.mockito.ResetMocksTestExecutionListener@3e2055d6, org.springframework.boot.test.autoconfigure.restdocs.RestDocsTestExecutionListener@50029372, org.springframework.boot.test.autoconfigure.web.client.MockRestServiceServerResetTestExecutionListener@e3b3b2f, org.springframework.boot.test.autoconfigure.web.servlet.MockMvcPrintOnlyOnFailureTestExecutionListener@50f6ac94, org.springframework.boot.test.autoconfigure.web.servlet.WebDriverTestExecutionListener@6cc4cdb9, org.springframework.boot.test.autoconfigure.webservices.client.MockWebServiceServerTestExecutionListener@28194a50]
14:53:09.833 [main] INFO  com.demo.mybatisplus.MpTest - Starting MpTest using Java 1.8.0_261 on DESKTOP-OG4OIQJ with PID 22668 (started by dell in C:\IdeaProjects\demo)
14:53:09.834 [main] INFO  com.demo.mybatisplus.MpTest - The following profiles are active: local
14:53:10.321 [main] INFO  com.alibaba.druid.spring.boot.autoconfigure.DruidDataSourceAutoConfigure - Init DruidDataSource
14:53:10.429 [main] INFO  com.alibaba.druid.pool.DruidDataSource - {dataSource-1} inited
14:53:10.961 [main] INFO  com.demo.mybatisplus.MpTest - Started MpTest in 1.409 seconds (JVM running for 2.337)
14:53:10.977 [main] ERROR org.springframework.test.context.TestContextManager - Caught exception while allowing TestExecutionListener [org.springframework.boot.test.autoconfigure.SpringBootDependencyInjectionTestExecutionListener@2438dcd] to prepare test instance [com.demo.mybatisplus.MpTest@7a55f148]
org.springframework.beans.factory.BeanCreationException: Error creating bean with name 'com.demo.mybatisplus.MpTest': Injection of resource dependencies failed; nested exception is org.springframework.beans.factory.NoSuchBeanDefinitionException: No qualifying bean of type 'com.demo.mybatisplus.mapper.UserDao' available: expected at least 1 bean which qualifies as autowire candidate. Dependency annotations: {@javax.annotation.Resource(shareable=true, lookup=, name=, description=, authenticationType=CONTAINER, type=class java.lang.Object, mappedName=)}
	at org.springframework.context.annotation.CommonAnnotationBeanPostProcessor.postProcessProperties(CommonAnnotationBeanPostProcessor.java:332) ~[spring-context-5.3.13.jar:5.3.13]
	at org.springframework.beans.factory.support.AbstractAutowireCapableBeanFactory.populateBean(AbstractAutowireCapableBeanFactory.java:1431) ~[spring-beans-5.3.13.jar:5.3.13]
	at org.springframework.beans.factory.support.AbstractAutowireCapableBeanFactory.autowireBeanProperties(AbstractAutowireCapableBeanFactory.java:417) ~[spring-beans-5.3.13.jar:5.3.13]
	at org.springframework.test.context.support.DependencyInjectionTestExecutionListener.injectDependencies(DependencyInjectionTestExecutionListener.java:119) ~[spring-test-5.3.13.jar:5.3.13]
	at org.springframework.test.context.support.DependencyInjectionTestExecutionListener.prepareTestInstance(DependencyInjectionTestExecutionListener.java:83) ~[spring-test-5.3.13.jar:5.3.13]
	at org.springframework.boot.test.autoconfigure.SpringBootDependencyInjectionTestExecutionListener.prepareTestInstance(SpringBootDependencyInjectionTestExecutionListener.java:43) ~[spring-boot-test-autoconfigure-2.6.1.jar:2.6.1]
	at org.springframework.test.context.TestContextManager.prepareTestInstance(TestContextManager.java:248) [spring-test-5.3.13.jar:5.3.13]
	at org.springframework.test.context.junit4.SpringJUnit4ClassRunner.createTest(SpringJUnit4ClassRunner.java:227) [spring-test-5.3.13.jar:5.3.13]
	at org.springframework.test.context.junit4.SpringJUnit4ClassRunner$1.runReflectiveCall(SpringJUnit4ClassRunner.java:289) [spring-test-5.3.13.jar:5.3.13]
	at org.junit.internal.runners.model.ReflectiveCallable.run(ReflectiveCallable.java:12) [junit-4.13.2.jar:4.13.2]
	at org.springframework.test.context.junit4.SpringJUnit4ClassRunner.methodBlock(SpringJUnit4ClassRunner.java:291) [spring-test-5.3.13.jar:5.3.13]
	at org.springframework.test.context.junit4.SpringJUnit4ClassRunner.runChild(SpringJUnit4ClassRunner.java:246) [spring-test-5.3.13.jar:5.3.13]
	at org.springframework.test.context.junit4.SpringJUnit4ClassRunner.runChild(SpringJUnit4ClassRunner.java:97) [spring-test-5.3.13.jar:5.3.13]
	at org.junit.runners.ParentRunner$4.run(ParentRunner.java:331) [junit-4.13.2.jar:4.13.2]
	at org.junit.runners.ParentRunner$1.schedule(ParentRunner.java:79) [junit-4.13.2.jar:4.13.2]
	at org.junit.runners.ParentRunner.runChildren(ParentRunner.java:329) [junit-4.13.2.jar:4.13.2]
	at org.junit.runners.ParentRunner.access$100(ParentRunner.java:66) [junit-4.13.2.jar:4.13.2]
	at org.junit.runners.ParentRunner$2.evaluate(ParentRunner.java:293) [junit-4.13.2.jar:4.13.2]
	at org.springframework.test.context.junit4.statements.RunBeforeTestClassCallbacks.evaluate(RunBeforeTestClassCallbacks.java:61) [spring-test-5.3.13.jar:5.3.13]
	at org.springframework.test.context.junit4.statements.RunAfterTestClassCallbacks.evaluate(RunAfterTestClassCallbacks.java:70) [spring-test-5.3.13.jar:5.3.13]
	at org.junit.runners.ParentRunner$3.evaluate(ParentRunner.java:306) [junit-4.13.2.jar:4.13.2]
	at org.junit.runners.ParentRunner.run(ParentRunner.java:413) [junit-4.13.2.jar:4.13.2]
	at org.springframework.test.context.junit4.SpringJUnit4ClassRunner.run(SpringJUnit4ClassRunner.java:190) [spring-test-5.3.13.jar:5.3.13]
	at org.junit.runner.JUnitCore.run(JUnitCore.java:137) [junit-4.13.2.jar:4.13.2]
	at com.intellij.junit4.JUnit4IdeaTestRunner.startRunnerWithArgs(JUnit4IdeaTestRunner.java:69) [junit-rt.jar:?]
	at com.intellij.rt.junit.IdeaTestRunner$Repeater.startRunnerWithArgs(IdeaTestRunner.java:33) [junit-rt.jar:?]
	at com.intellij.rt.junit.JUnitStarter.prepareStreamsAndStart(JUnitStarter.java:220) [junit-rt.jar:?]
	at com.intellij.rt.junit.JUnitStarter.main(JUnitStarter.java:53) [junit-rt.jar:?]
Caused by: org.springframework.beans.factory.NoSuchBeanDefinitionException: No qualifying bean of type 'com.demo.mybatisplus.mapper.UserDao' available: expected at least 1 bean which qualifies as autowire candidate. Dependency annotations: {@javax.annotation.Resource(shareable=true, lookup=, name=, description=, authenticationType=CONTAINER, type=class java.lang.Object, mappedName=)}
	at org.springframework.beans.factory.support.DefaultListableBeanFactory.raiseNoMatchingBeanFound(DefaultListableBeanFactory.java:1790) ~[spring-beans-5.3.13.jar:5.3.13]
	at org.springframework.beans.factory.support.DefaultListableBeanFactory.doResolveDependency(DefaultListableBeanFactory.java:1346) ~[spring-beans-5.3.13.jar:5.3.13]
	at org.springframework.beans.factory.support.DefaultListableBeanFactory.resolveDependency(DefaultListableBeanFactory.java:1300) ~[spring-beans-5.3.13.jar:5.3.13]
	at org.springframework.context.annotation.CommonAnnotationBeanPostProcessor.autowireResource(CommonAnnotationBeanPostProcessor.java:544) ~[spring-context-5.3.13.jar:5.3.13]
	at org.springframework.context.annotation.CommonAnnotationBeanPostProcessor.getResource(CommonAnnotationBeanPostProcessor.java:520) ~[spring-context-5.3.13.jar:5.3.13]
	at org.springframework.context.annotation.CommonAnnotationBeanPostProcessor$ResourceElement.getResourceToInject(CommonAnnotationBeanPostProcessor.java:673) ~[spring-context-5.3.13.jar:5.3.13]
	at org.springframework.beans.factory.annotation.InjectionMetadata$InjectedElement.inject(InjectionMetadata.java:228) ~[spring-beans-5.3.13.jar:5.3.13]
	at org.springframework.beans.factory.annotation.InjectionMetadata.inject(InjectionMetadata.java:119) ~[spring-beans-5.3.13.jar:5.3.13]
	at org.springframework.context.annotation.CommonAnnotationBeanPostProcessor.postProcessProperties(CommonAnnotationBeanPostProcessor.java:329) ~[spring-context-5.3.13.jar:5.3.13]
	... 27 more
14:53:10.992 [SpringApplicationShutdownHook] INFO  com.alibaba.druid.pool.DruidDataSource - {dataSource-1} closing ...
14:53:10.993 [SpringApplicationShutdownHook] INFO  com.alibaba.druid.pool.DruidDataSource - {dataSource-1} closed
14:55:17.623 [main] INFO  org.springframework.boot.test.context.SpringBootTestContextBootstrapper - Neither @ContextConfiguration nor @ContextHierarchy found for test class [com.demo.mybatisplus.MpTest], using SpringBootContextLoader
14:55:17.628 [main] INFO  org.springframework.test.context.support.AbstractContextLoader - Could not detect default resource locations for test class [com.demo.mybatisplus.MpTest]: no resource found for suffixes {-context.xml, Context.groovy}.
14:55:17.760 [main] INFO  org.springframework.boot.test.context.SpringBootTestContextBootstrapper - Loaded default TestExecutionListener class names from location [META-INF/spring.factories]: [org.springframework.boot.test.mock.mockito.MockitoTestExecutionListener, org.springframework.boot.test.mock.mockito.ResetMocksTestExecutionListener, org.springframework.boot.test.autoconfigure.restdocs.RestDocsTestExecutionListener, org.springframework.boot.test.autoconfigure.web.client.MockRestServiceServerResetTestExecutionListener, org.springframework.boot.test.autoconfigure.web.servlet.MockMvcPrintOnlyOnFailureTestExecutionListener, org.springframework.boot.test.autoconfigure.web.servlet.WebDriverTestExecutionListener, org.springframework.boot.test.autoconfigure.webservices.client.MockWebServiceServerTestExecutionListener, org.springframework.test.context.web.ServletTestExecutionListener, org.springframework.test.context.support.DirtiesContextBeforeModesTestExecutionListener, org.springframework.test.context.event.ApplicationEventsTestExecutionListener, org.springframework.test.context.support.DependencyInjectionTestExecutionListener, org.springframework.test.context.support.DirtiesContextTestExecutionListener, org.springframework.test.context.transaction.TransactionalTestExecutionListener, org.springframework.test.context.jdbc.SqlScriptsTestExecutionListener, org.springframework.test.context.event.EventPublishingTestExecutionListener]
14:55:17.772 [main] INFO  org.springframework.boot.test.context.SpringBootTestContextBootstrapper - Using TestExecutionListeners: [org.springframework.test.context.support.DirtiesContextBeforeModesTestExecutionListener@45efd90f, org.springframework.test.context.event.ApplicationEventsTestExecutionListener@4b8729ff, org.springframework.boot.test.mock.mockito.MockitoTestExecutionListener@61710c6, org.springframework.boot.test.autoconfigure.SpringBootDependencyInjectionTestExecutionListener@3214ee6, org.springframework.test.context.support.DirtiesContextTestExecutionListener@383dc82c, org.springframework.test.context.transaction.TransactionalTestExecutionListener@4a07d605, org.springframework.test.context.jdbc.SqlScriptsTestExecutionListener@74287ea3, org.springframework.test.context.event.EventPublishingTestExecutionListener@7d7758be, org.springframework.boot.test.mock.mockito.ResetMocksTestExecutionListener@2bdd8394, org.springframework.boot.test.autoconfigure.restdocs.RestDocsTestExecutionListener@5f9edf14, org.springframework.boot.test.autoconfigure.web.client.MockRestServiceServerResetTestExecutionListener@68746f22, org.springframework.boot.test.autoconfigure.web.servlet.MockMvcPrintOnlyOnFailureTestExecutionListener@2f01783a, org.springframework.boot.test.autoconfigure.web.servlet.WebDriverTestExecutionListener@68878f6d, org.springframework.boot.test.autoconfigure.webservices.client.MockWebServiceServerTestExecutionListener@41488b16]
14:55:18.053 [main] INFO  com.demo.mybatisplus.MpTest - Starting MpTest using Java 1.8.0_261 on DESKTOP-OG4OIQJ with PID 25840 (started by dell in C:\IdeaProjects\demo)
14:55:18.054 [main] INFO  com.demo.mybatisplus.MpTest - The following profiles are active: local
14:55:18.528 [main] INFO  com.alibaba.druid.spring.boot.autoconfigure.DruidDataSourceAutoConfigure - Init DruidDataSource
14:55:18.630 [main] INFO  com.alibaba.druid.pool.DruidDataSource - {dataSource-1} inited
14:55:19.259 [main] INFO  com.demo.mybatisplus.MpTest - Started MpTest in 1.45 seconds (JVM running for 2.323)
14:55:19.614 [SpringApplicationShutdownHook] INFO  com.alibaba.druid.pool.DruidDataSource - {dataSource-1} closing ...
14:55:19.620 [SpringApplicationShutdownHook] INFO  com.alibaba.druid.pool.DruidDataSource - {dataSource-1} closed
14:55:31.438 [main] INFO  org.springframework.boot.test.context.SpringBootTestContextBootstrapper - Neither @ContextConfiguration nor @ContextHierarchy found for test class [com.demo.mybatisplus.MpTest], using SpringBootContextLoader
14:55:31.443 [main] INFO  org.springframework.test.context.support.AbstractContextLoader - Could not detect default resource locations for test class [com.demo.mybatisplus.MpTest]: no resource found for suffixes {-context.xml, Context.groovy}.
14:55:31.581 [main] INFO  org.springframework.boot.test.context.SpringBootTestContextBootstrapper - Loaded default TestExecutionListener class names from location [META-INF/spring.factories]: [org.springframework.boot.test.mock.mockito.MockitoTestExecutionListener, org.springframework.boot.test.mock.mockito.ResetMocksTestExecutionListener, org.springframework.boot.test.autoconfigure.restdocs.RestDocsTestExecutionListener, org.springframework.boot.test.autoconfigure.web.client.MockRestServiceServerResetTestExecutionListener, org.springframework.boot.test.autoconfigure.web.servlet.MockMvcPrintOnlyOnFailureTestExecutionListener, org.springframework.boot.test.autoconfigure.web.servlet.WebDriverTestExecutionListener, org.springframework.boot.test.autoconfigure.webservices.client.MockWebServiceServerTestExecutionListener, org.springframework.test.context.web.ServletTestExecutionListener, org.springframework.test.context.support.DirtiesContextBeforeModesTestExecutionListener, org.springframework.test.context.event.ApplicationEventsTestExecutionListener, org.springframework.test.context.support.DependencyInjectionTestExecutionListener, org.springframework.test.context.support.DirtiesContextTestExecutionListener, org.springframework.test.context.transaction.TransactionalTestExecutionListener, org.springframework.test.context.jdbc.SqlScriptsTestExecutionListener, org.springframework.test.context.event.EventPublishingTestExecutionListener]
14:55:31.593 [main] INFO  org.springframework.boot.test.context.SpringBootTestContextBootstrapper - Using TestExecutionListeners: [org.springframework.test.context.support.DirtiesContextBeforeModesTestExecutionListener@45efd90f, org.springframework.test.context.event.ApplicationEventsTestExecutionListener@4b8729ff, org.springframework.boot.test.mock.mockito.MockitoTestExecutionListener@61710c6, org.springframework.boot.test.autoconfigure.SpringBootDependencyInjectionTestExecutionListener@3214ee6, org.springframework.test.context.support.DirtiesContextTestExecutionListener@383dc82c, org.springframework.test.context.transaction.TransactionalTestExecutionListener@4a07d605, org.springframework.test.context.jdbc.SqlScriptsTestExecutionListener@74287ea3, org.springframework.test.context.event.EventPublishingTestExecutionListener@7d7758be, org.springframework.boot.test.mock.mockito.ResetMocksTestExecutionListener@2bdd8394, org.springframework.boot.test.autoconfigure.restdocs.RestDocsTestExecutionListener@5f9edf14, org.springframework.boot.test.autoconfigure.web.client.MockRestServiceServerResetTestExecutionListener@68746f22, org.springframework.boot.test.autoconfigure.web.servlet.MockMvcPrintOnlyOnFailureTestExecutionListener@2f01783a, org.springframework.boot.test.autoconfigure.web.servlet.WebDriverTestExecutionListener@68878f6d, org.springframework.boot.test.autoconfigure.webservices.client.MockWebServiceServerTestExecutionListener@41488b16]
14:55:31.883 [main] INFO  com.demo.mybatisplus.MpTest - Starting MpTest using Java 1.8.0_261 on DESKTOP-OG4OIQJ with PID 27968 (started by dell in C:\IdeaProjects\demo)
14:55:31.883 [main] INFO  com.demo.mybatisplus.MpTest - The following profiles are active: local
14:55:32.373 [main] INFO  com.alibaba.druid.spring.boot.autoconfigure.DruidDataSourceAutoConfigure - Init DruidDataSource
14:55:32.480 [main] INFO  com.alibaba.druid.pool.DruidDataSource - {dataSource-1} inited
14:55:33.111 [main] INFO  com.demo.mybatisplus.MpTest - Started MpTest in 1.478 seconds (JVM running for 2.377)
14:55:33.498 [SpringApplicationShutdownHook] INFO  com.alibaba.druid.pool.DruidDataSource - {dataSource-1} closing ...
14:55:33.503 [SpringApplicationShutdownHook] INFO  com.alibaba.druid.pool.DruidDataSource - {dataSource-1} closed
15:00:57.372 [main] INFO  org.springframework.boot.test.context.SpringBootTestContextBootstrapper - Neither @ContextConfiguration nor @ContextHierarchy found for test class [com.demo.mybatisplus.MpTest], using SpringBootContextLoader
15:00:57.376 [main] INFO  org.springframework.test.context.support.AbstractContextLoader - Could not detect default resource locations for test class [com.demo.mybatisplus.MpTest]: no resource found for suffixes {-context.xml, Context.groovy}.
15:00:57.515 [main] INFO  org.springframework.boot.test.context.SpringBootTestContextBootstrapper - Loaded default TestExecutionListener class names from location [META-INF/spring.factories]: [org.springframework.boot.test.mock.mockito.MockitoTestExecutionListener, org.springframework.boot.test.mock.mockito.ResetMocksTestExecutionListener, org.springframework.boot.test.autoconfigure.restdocs.RestDocsTestExecutionListener, org.springframework.boot.test.autoconfigure.web.client.MockRestServiceServerResetTestExecutionListener, org.springframework.boot.test.autoconfigure.web.servlet.MockMvcPrintOnlyOnFailureTestExecutionListener, org.springframework.boot.test.autoconfigure.web.servlet.WebDriverTestExecutionListener, org.springframework.boot.test.autoconfigure.webservices.client.MockWebServiceServerTestExecutionListener, org.springframework.test.context.web.ServletTestExecutionListener, org.springframework.test.context.support.DirtiesContextBeforeModesTestExecutionListener, org.springframework.test.context.event.ApplicationEventsTestExecutionListener, org.springframework.test.context.support.DependencyInjectionTestExecutionListener, org.springframework.test.context.support.DirtiesContextTestExecutionListener, org.springframework.test.context.transaction.TransactionalTestExecutionListener, org.springframework.test.context.jdbc.SqlScriptsTestExecutionListener, org.springframework.test.context.event.EventPublishingTestExecutionListener]
15:00:57.528 [main] INFO  org.springframework.boot.test.context.SpringBootTestContextBootstrapper - Using TestExecutionListeners: [org.springframework.test.context.support.DirtiesContextBeforeModesTestExecutionListener@2bdd8394, org.springframework.test.context.event.ApplicationEventsTestExecutionListener@5f9edf14, org.springframework.boot.test.mock.mockito.MockitoTestExecutionListener@68746f22, org.springframework.boot.test.autoconfigure.SpringBootDependencyInjectionTestExecutionListener@2f01783a, org.springframework.test.context.support.DirtiesContextTestExecutionListener@68878f6d, org.springframework.test.context.transaction.TransactionalTestExecutionListener@41488b16, org.springframework.test.context.jdbc.SqlScriptsTestExecutionListener@a8ef162, org.springframework.test.context.event.EventPublishingTestExecutionListener@2eea88a1, org.springframework.boot.test.mock.mockito.ResetMocksTestExecutionListener@7ac296f6, org.springframework.boot.test.autoconfigure.restdocs.RestDocsTestExecutionListener@7fd7a283, org.springframework.boot.test.autoconfigure.web.client.MockRestServiceServerResetTestExecutionListener@22f59fa, org.springframework.boot.test.autoconfigure.web.servlet.MockMvcPrintOnlyOnFailureTestExecutionListener@78fa769e, org.springframework.boot.test.autoconfigure.web.servlet.WebDriverTestExecutionListener@16612a51, org.springframework.boot.test.autoconfigure.webservices.client.MockWebServiceServerTestExecutionListener@54e041a4]
15:00:57.818 [main] INFO  com.demo.mybatisplus.MpTest - Starting MpTest using Java 1.8.0_261 on DESKTOP-OG4OIQJ with PID 11132 (started by dell in C:\IdeaProjects\demo)
15:00:57.819 [main] INFO  com.demo.mybatisplus.MpTest - The following profiles are active: local
15:00:58.294 [main] INFO  com.alibaba.druid.spring.boot.autoconfigure.DruidDataSourceAutoConfigure - Init DruidDataSource
15:00:58.399 [main] INFO  com.alibaba.druid.pool.DruidDataSource - {dataSource-1} inited
15:00:59.025 [main] INFO  com.demo.mybatisplus.MpTest - Started MpTest in 1.456 seconds (JVM running for 2.35)
15:00:59.497 [SpringApplicationShutdownHook] INFO  com.alibaba.druid.pool.DruidDataSource - {dataSource-1} closing ...
15:00:59.502 [SpringApplicationShutdownHook] INFO  com.alibaba.druid.pool.DruidDataSource - {dataSource-1} closed
15:01:45.700 [main] INFO  org.springframework.boot.test.context.SpringBootTestContextBootstrapper - Neither @ContextConfiguration nor @ContextHierarchy found for test class [com.demo.mybatisplus.MpTest], using SpringBootContextLoader
15:01:45.705 [main] INFO  org.springframework.test.context.support.AbstractContextLoader - Could not detect default resource locations for test class [com.demo.mybatisplus.MpTest]: no resource found for suffixes {-context.xml, Context.groovy}.
15:01:45.883 [main] INFO  org.springframework.boot.test.context.SpringBootTestContextBootstrapper - Loaded default TestExecutionListener class names from location [META-INF/spring.factories]: [org.springframework.boot.test.mock.mockito.MockitoTestExecutionListener, org.springframework.boot.test.mock.mockito.ResetMocksTestExecutionListener, org.springframework.boot.test.autoconfigure.restdocs.RestDocsTestExecutionListener, org.springframework.boot.test.autoconfigure.web.client.MockRestServiceServerResetTestExecutionListener, org.springframework.boot.test.autoconfigure.web.servlet.MockMvcPrintOnlyOnFailureTestExecutionListener, org.springframework.boot.test.autoconfigure.web.servlet.WebDriverTestExecutionListener, org.springframework.boot.test.autoconfigure.webservices.client.MockWebServiceServerTestExecutionListener, org.springframework.test.context.web.ServletTestExecutionListener, org.springframework.test.context.support.DirtiesContextBeforeModesTestExecutionListener, org.springframework.test.context.event.ApplicationEventsTestExecutionListener, org.springframework.test.context.support.DependencyInjectionTestExecutionListener, org.springframework.test.context.support.DirtiesContextTestExecutionListener, org.springframework.test.context.transaction.TransactionalTestExecutionListener, org.springframework.test.context.jdbc.SqlScriptsTestExecutionListener, org.springframework.test.context.event.EventPublishingTestExecutionListener]
15:01:45.896 [main] INFO  org.springframework.boot.test.context.SpringBootTestContextBootstrapper - Using TestExecutionListeners: [org.springframework.test.context.support.DirtiesContextBeforeModesTestExecutionListener@2bdd8394, org.springframework.test.context.event.ApplicationEventsTestExecutionListener@5f9edf14, org.springframework.boot.test.mock.mockito.MockitoTestExecutionListener@68746f22, org.springframework.boot.test.autoconfigure.SpringBootDependencyInjectionTestExecutionListener@2f01783a, org.springframework.test.context.support.DirtiesContextTestExecutionListener@68878f6d, org.springframework.test.context.transaction.TransactionalTestExecutionListener@41488b16, org.springframework.test.context.jdbc.SqlScriptsTestExecutionListener@a8ef162, org.springframework.test.context.event.EventPublishingTestExecutionListener@2eea88a1, org.springframework.boot.test.mock.mockito.ResetMocksTestExecutionListener@7ac296f6, org.springframework.boot.test.autoconfigure.restdocs.RestDocsTestExecutionListener@7fd7a283, org.springframework.boot.test.autoconfigure.web.client.MockRestServiceServerResetTestExecutionListener@22f59fa, org.springframework.boot.test.autoconfigure.web.servlet.MockMvcPrintOnlyOnFailureTestExecutionListener@78fa769e, org.springframework.boot.test.autoconfigure.web.servlet.WebDriverTestExecutionListener@16612a51, org.springframework.boot.test.autoconfigure.webservices.client.MockWebServiceServerTestExecutionListener@54e041a4]
15:01:46.221 [main] INFO  com.demo.mybatisplus.MpTest - Starting MpTest using Java 1.8.0_261 on DESKTOP-OG4OIQJ with PID 17712 (started by dell in C:\IdeaProjects\demo)
15:01:46.222 [main] INFO  com.demo.mybatisplus.MpTest - The following profiles are active: local
15:01:46.752 [main] INFO  com.alibaba.druid.spring.boot.autoconfigure.DruidDataSourceAutoConfigure - Init DruidDataSource
15:01:46.877 [main] INFO  com.alibaba.druid.pool.DruidDataSource - {dataSource-1} inited
15:01:47.569 [main] INFO  com.demo.mybatisplus.MpTest - Started MpTest in 1.628 seconds (JVM running for 2.556)
15:01:48.013 [SpringApplicationShutdownHook] INFO  com.alibaba.druid.pool.DruidDataSource - {dataSource-1} closing ...
15:01:48.020 [SpringApplicationShutdownHook] INFO  com.alibaba.druid.pool.DruidDataSource - {dataSource-1} closed
15:01:57.814 [main] INFO  org.springframework.boot.test.context.SpringBootTestContextBootstrapper - Neither @ContextConfiguration nor @ContextHierarchy found for test class [com.demo.mybatisplus.MpTest], using SpringBootContextLoader
15:01:57.820 [main] INFO  org.springframework.test.context.support.AbstractContextLoader - Could not detect default resource locations for test class [com.demo.mybatisplus.MpTest]: no resource found for suffixes {-context.xml, Context.groovy}.
15:01:57.994 [main] INFO  org.springframework.boot.test.context.SpringBootTestContextBootstrapper - Loaded default TestExecutionListener class names from location [META-INF/spring.factories]: [org.springframework.boot.test.mock.mockito.MockitoTestExecutionListener, org.springframework.boot.test.mock.mockito.ResetMocksTestExecutionListener, org.springframework.boot.test.autoconfigure.restdocs.RestDocsTestExecutionListener, org.springframework.boot.test.autoconfigure.web.client.MockRestServiceServerResetTestExecutionListener, org.springframework.boot.test.autoconfigure.web.servlet.MockMvcPrintOnlyOnFailureTestExecutionListener, org.springframework.boot.test.autoconfigure.web.servlet.WebDriverTestExecutionListener, org.springframework.boot.test.autoconfigure.webservices.client.MockWebServiceServerTestExecutionListener, org.springframework.test.context.web.ServletTestExecutionListener, org.springframework.test.context.support.DirtiesContextBeforeModesTestExecutionListener, org.springframework.test.context.event.ApplicationEventsTestExecutionListener, org.springframework.test.context.support.DependencyInjectionTestExecutionListener, org.springframework.test.context.support.DirtiesContextTestExecutionListener, org.springframework.test.context.transaction.TransactionalTestExecutionListener, org.springframework.test.context.jdbc.SqlScriptsTestExecutionListener, org.springframework.test.context.event.EventPublishingTestExecutionListener]
15:01:58.012 [main] INFO  org.springframework.boot.test.context.SpringBootTestContextBootstrapper - Using TestExecutionListeners: [org.springframework.test.context.support.DirtiesContextBeforeModesTestExecutionListener@16423501, org.springframework.test.context.event.ApplicationEventsTestExecutionListener@4efcf8a, org.springframework.boot.test.mock.mockito.MockitoTestExecutionListener@7a138fc5, org.springframework.boot.test.autoconfigure.SpringBootDependencyInjectionTestExecutionListener@379ab47b, org.springframework.test.context.support.DirtiesContextTestExecutionListener@307765b4, org.springframework.test.context.transaction.TransactionalTestExecutionListener@4a9e6faf, org.springframework.test.context.jdbc.SqlScriptsTestExecutionListener@2c95ac9e, org.springframework.test.context.event.EventPublishingTestExecutionListener@4e4efc1b, org.springframework.boot.test.mock.mockito.ResetMocksTestExecutionListener@459f7aa3, org.springframework.boot.test.autoconfigure.restdocs.RestDocsTestExecutionListener@7cc586a8, org.springframework.boot.test.autoconfigure.web.client.MockRestServiceServerResetTestExecutionListener@7db534f2, org.springframework.boot.test.autoconfigure.web.servlet.MockMvcPrintOnlyOnFailureTestExecutionListener@44a2b17b, org.springframework.boot.test.autoconfigure.web.servlet.WebDriverTestExecutionListener@7a56812e, org.springframework.boot.test.autoconfigure.webservices.client.MockWebServiceServerTestExecutionListener@2a76b80a]
15:01:58.411 [main] INFO  com.demo.mybatisplus.MpTest - Starting MpTest using Java 1.8.0_261 on DESKTOP-OG4OIQJ with PID 10344 (started by dell in C:\IdeaProjects\demo)
15:01:58.412 [main] INFO  com.demo.mybatisplus.MpTest - The following profiles are active: local
15:01:59.034 [main] INFO  com.alibaba.druid.spring.boot.autoconfigure.DruidDataSourceAutoConfigure - Init DruidDataSource
15:01:59.163 [main] INFO  com.alibaba.druid.pool.DruidDataSource - {dataSource-1} inited
15:01:59.906 [main] INFO  com.demo.mybatisplus.MpTest - Started MpTest in 1.833 seconds (JVM running for 3.035)
15:02:00.448 [SpringApplicationShutdownHook] INFO  com.alibaba.druid.pool.DruidDataSource - {dataSource-1} closing ...
15:02:00.454 [SpringApplicationShutdownHook] INFO  com.alibaba.druid.pool.DruidDataSource - {dataSource-1} closed
15:02:08.762 [main] INFO  org.springframework.boot.test.context.SpringBootTestContextBootstrapper - Neither @ContextConfiguration nor @ContextHierarchy found for test class [com.demo.mybatisplus.MpTest], using SpringBootContextLoader
15:02:08.768 [main] INFO  org.springframework.test.context.support.AbstractContextLoader - Could not detect default resource locations for test class [com.demo.mybatisplus.MpTest]: no resource found for suffixes {-context.xml, Context.groovy}.
15:02:08.924 [main] INFO  org.springframework.boot.test.context.SpringBootTestContextBootstrapper - Loaded default TestExecutionListener class names from location [META-INF/spring.factories]: [org.springframework.boot.test.mock.mockito.MockitoTestExecutionListener, org.springframework.boot.test.mock.mockito.ResetMocksTestExecutionListener, org.springframework.boot.test.autoconfigure.restdocs.RestDocsTestExecutionListener, org.springframework.boot.test.autoconfigure.web.client.MockRestServiceServerResetTestExecutionListener, org.springframework.boot.test.autoconfigure.web.servlet.MockMvcPrintOnlyOnFailureTestExecutionListener, org.springframework.boot.test.autoconfigure.web.servlet.WebDriverTestExecutionListener, org.springframework.boot.test.autoconfigure.webservices.client.MockWebServiceServerTestExecutionListener, org.springframework.test.context.web.ServletTestExecutionListener, org.springframework.test.context.support.DirtiesContextBeforeModesTestExecutionListener, org.springframework.test.context.event.ApplicationEventsTestExecutionListener, org.springframework.test.context.support.DependencyInjectionTestExecutionListener, org.springframework.test.context.support.DirtiesContextTestExecutionListener, org.springframework.test.context.transaction.TransactionalTestExecutionListener, org.springframework.test.context.jdbc.SqlScriptsTestExecutionListener, org.springframework.test.context.event.EventPublishingTestExecutionListener]
15:02:08.938 [main] INFO  org.springframework.boot.test.context.SpringBootTestContextBootstrapper - Using TestExecutionListeners: [org.springframework.test.context.support.DirtiesContextBeforeModesTestExecutionListener@16423501, org.springframework.test.context.event.ApplicationEventsTestExecutionListener@4efcf8a, org.springframework.boot.test.mock.mockito.MockitoTestExecutionListener@7a138fc5, org.springframework.boot.test.autoconfigure.SpringBootDependencyInjectionTestExecutionListener@379ab47b, org.springframework.test.context.support.DirtiesContextTestExecutionListener@307765b4, org.springframework.test.context.transaction.TransactionalTestExecutionListener@4a9e6faf, org.springframework.test.context.jdbc.SqlScriptsTestExecutionListener@2c95ac9e, org.springframework.test.context.event.EventPublishingTestExecutionListener@4e4efc1b, org.springframework.boot.test.mock.mockito.ResetMocksTestExecutionListener@459f7aa3, org.springframework.boot.test.autoconfigure.restdocs.RestDocsTestExecutionListener@7cc586a8, org.springframework.boot.test.autoconfigure.web.client.MockRestServiceServerResetTestExecutionListener@7db534f2, org.springframework.boot.test.autoconfigure.web.servlet.MockMvcPrintOnlyOnFailureTestExecutionListener@44a2b17b, org.springframework.boot.test.autoconfigure.web.servlet.WebDriverTestExecutionListener@7a56812e, org.springframework.boot.test.autoconfigure.webservices.client.MockWebServiceServerTestExecutionListener@2a76b80a]
15:02:09.281 [main] INFO  com.demo.mybatisplus.MpTest - Starting MpTest using Java 1.8.0_261 on DESKTOP-OG4OIQJ with PID 25752 (started by dell in C:\IdeaProjects\demo)
15:02:09.281 [main] INFO  com.demo.mybatisplus.MpTest - The following profiles are active: local
15:02:09.880 [main] INFO  com.alibaba.druid.spring.boot.autoconfigure.DruidDataSourceAutoConfigure - Init DruidDataSource
15:02:09.999 [main] INFO  com.alibaba.druid.pool.DruidDataSource - {dataSource-1} inited
15:02:10.727 [main] INFO  com.demo.mybatisplus.MpTest - Started MpTest in 1.742 seconds (JVM running for 2.895)
15:02:25.907 [SpringApplicationShutdownHook] INFO  com.alibaba.druid.pool.DruidDataSource - {dataSource-1} closing ...
15:02:25.914 [SpringApplicationShutdownHook] INFO  com.alibaba.druid.pool.DruidDataSource - {dataSource-1} closed
15:02:54.569 [main] INFO  org.springframework.boot.test.context.SpringBootTestContextBootstrapper - Neither @ContextConfiguration nor @ContextHierarchy found for test class [com.demo.mybatisplus.MpTest], using SpringBootContextLoader
15:02:54.574 [main] INFO  org.springframework.test.context.support.AbstractContextLoader - Could not detect default resource locations for test class [com.demo.mybatisplus.MpTest]: no resource found for suffixes {-context.xml, Context.groovy}.
15:02:54.739 [main] INFO  org.springframework.boot.test.context.SpringBootTestContextBootstrapper - Loaded default TestExecutionListener class names from location [META-INF/spring.factories]: [org.springframework.boot.test.mock.mockito.MockitoTestExecutionListener, org.springframework.boot.test.mock.mockito.ResetMocksTestExecutionListener, org.springframework.boot.test.autoconfigure.restdocs.RestDocsTestExecutionListener, org.springframework.boot.test.autoconfigure.web.client.MockRestServiceServerResetTestExecutionListener, org.springframework.boot.test.autoconfigure.web.servlet.MockMvcPrintOnlyOnFailureTestExecutionListener, org.springframework.boot.test.autoconfigure.web.servlet.WebDriverTestExecutionListener, org.springframework.boot.test.autoconfigure.webservices.client.MockWebServiceServerTestExecutionListener, org.springframework.test.context.web.ServletTestExecutionListener, org.springframework.test.context.support.DirtiesContextBeforeModesTestExecutionListener, org.springframework.test.context.event.ApplicationEventsTestExecutionListener, org.springframework.test.context.support.DependencyInjectionTestExecutionListener, org.springframework.test.context.support.DirtiesContextTestExecutionListener, org.springframework.test.context.transaction.TransactionalTestExecutionListener, org.springframework.test.context.jdbc.SqlScriptsTestExecutionListener, org.springframework.test.context.event.EventPublishingTestExecutionListener]
15:02:54.754 [main] INFO  org.springframework.boot.test.context.SpringBootTestContextBootstrapper - Using TestExecutionListeners: [org.springframework.test.context.support.DirtiesContextBeforeModesTestExecutionListener@2bdd8394, org.springframework.test.context.event.ApplicationEventsTestExecutionListener@5f9edf14, org.springframework.boot.test.mock.mockito.MockitoTestExecutionListener@68746f22, org.springframework.boot.test.autoconfigure.SpringBootDependencyInjectionTestExecutionListener@2f01783a, org.springframework.test.context.support.DirtiesContextTestExecutionListener@68878f6d, org.springframework.test.context.transaction.TransactionalTestExecutionListener@41488b16, org.springframework.test.context.jdbc.SqlScriptsTestExecutionListener@a8ef162, org.springframework.test.context.event.EventPublishingTestExecutionListener@2eea88a1, org.springframework.boot.test.mock.mockito.ResetMocksTestExecutionListener@7ac296f6, org.springframework.boot.test.autoconfigure.restdocs.RestDocsTestExecutionListener@7fd7a283, org.springframework.boot.test.autoconfigure.web.client.MockRestServiceServerResetTestExecutionListener@22f59fa, org.springframework.boot.test.autoconfigure.web.servlet.MockMvcPrintOnlyOnFailureTestExecutionListener@78fa769e, org.springframework.boot.test.autoconfigure.web.servlet.WebDriverTestExecutionListener@16612a51, org.springframework.boot.test.autoconfigure.webservices.client.MockWebServiceServerTestExecutionListener@54e041a4]
15:02:55.057 [main] INFO  com.demo.mybatisplus.MpTest - Starting MpTest using Java 1.8.0_261 on DESKTOP-OG4OIQJ with PID 27780 (started by dell in C:\IdeaProjects\demo)
15:02:55.057 [main] INFO  com.demo.mybatisplus.MpTest - The following profiles are active: local
15:02:55.536 [main] INFO  com.alibaba.druid.spring.boot.autoconfigure.DruidDataSourceAutoConfigure - Init DruidDataSource
15:02:55.655 [main] INFO  com.alibaba.druid.pool.DruidDataSource - {dataSource-1} inited
15:02:56.326 [main] INFO  com.demo.mybatisplus.MpTest - Started MpTest in 1.535 seconds (JVM running for 2.47)
15:02:57.159 [SpringApplicationShutdownHook] INFO  com.alibaba.druid.pool.DruidDataSource - {dataSource-1} closing ...
15:02:57.165 [SpringApplicationShutdownHook] INFO  com.alibaba.druid.pool.DruidDataSource - {dataSource-1} closed
15:03:30.445 [main] INFO  org.springframework.boot.test.context.SpringBootTestContextBootstrapper - Neither @ContextConfiguration nor @ContextHierarchy found for test class [com.demo.mybatisplus.MpTest], using SpringBootContextLoader
15:03:30.480 [main] INFO  org.springframework.test.context.support.AbstractContextLoader - Could not detect default resource locations for test class [com.demo.mybatisplus.MpTest]: no resource found for suffixes {-context.xml, Context.groovy}.
15:03:30.817 [main] INFO  org.springframework.boot.test.context.SpringBootTestContextBootstrapper - Loaded default TestExecutionListener class names from location [META-INF/spring.factories]: [org.springframework.boot.test.mock.mockito.MockitoTestExecutionListener, org.springframework.boot.test.mock.mockito.ResetMocksTestExecutionListener, org.springframework.boot.test.autoconfigure.restdocs.RestDocsTestExecutionListener, org.springframework.boot.test.autoconfigure.web.client.MockRestServiceServerResetTestExecutionListener, org.springframework.boot.test.autoconfigure.web.servlet.MockMvcPrintOnlyOnFailureTestExecutionListener, org.springframework.boot.test.autoconfigure.web.servlet.WebDriverTestExecutionListener, org.springframework.boot.test.autoconfigure.webservices.client.MockWebServiceServerTestExecutionListener, org.springframework.test.context.web.ServletTestExecutionListener, org.springframework.test.context.support.DirtiesContextBeforeModesTestExecutionListener, org.springframework.test.context.event.ApplicationEventsTestExecutionListener, org.springframework.test.context.support.DependencyInjectionTestExecutionListener, org.springframework.test.context.support.DirtiesContextTestExecutionListener, org.springframework.test.context.transaction.TransactionalTestExecutionListener, org.springframework.test.context.jdbc.SqlScriptsTestExecutionListener, org.springframework.test.context.event.EventPublishingTestExecutionListener]
15:03:30.841 [main] INFO  org.springframework.boot.test.context.SpringBootTestContextBootstrapper - Using TestExecutionListeners: [org.springframework.test.context.support.DirtiesContextBeforeModesTestExecutionListener@5082d622, org.springframework.test.context.event.ApplicationEventsTestExecutionListener@13d4992d, org.springframework.boot.test.mock.mockito.MockitoTestExecutionListener@302f7971, org.springframework.boot.test.autoconfigure.SpringBootDependencyInjectionTestExecutionListener@332729ad, org.springframework.test.context.support.DirtiesContextTestExecutionListener@75d2da2d, org.springframework.test.context.transaction.TransactionalTestExecutionListener@4278284b, org.springframework.test.context.jdbc.SqlScriptsTestExecutionListener@9573584, org.springframework.test.context.event.EventPublishingTestExecutionListener@3370f42, org.springframework.boot.test.mock.mockito.ResetMocksTestExecutionListener@6057aebb, org.springframework.boot.test.autoconfigure.restdocs.RestDocsTestExecutionListener@63eef88a, org.springframework.boot.test.autoconfigure.web.client.MockRestServiceServerResetTestExecutionListener@53251a66, org.springframework.boot.test.autoconfigure.web.servlet.MockMvcPrintOnlyOnFailureTestExecutionListener@6853425f, org.springframework.boot.test.autoconfigure.web.servlet.WebDriverTestExecutionListener@352c1b98, org.springframework.boot.test.autoconfigure.webservices.client.MockWebServiceServerTestExecutionListener@21129f1f]
15:03:31.629 [main] INFO  com.demo.mybatisplus.MpTest - Starting MpTest using Java 1.8.0_261 on DESKTOP-OG4OIQJ with PID 26544 (started by dell in C:\IdeaProjects\demo)
15:03:31.629 [main] INFO  com.demo.mybatisplus.MpTest - The following profiles are active: local
15:03:32.162 [main] INFO  com.alibaba.druid.spring.boot.autoconfigure.DruidDataSourceAutoConfigure - Init DruidDataSource
15:03:32.276 [main] INFO  com.alibaba.druid.pool.DruidDataSource - {dataSource-1} inited
15:03:32.927 [main] INFO  com.demo.mybatisplus.MpTest - Started MpTest in 1.605 seconds (JVM running for 3.634)
15:03:33.313 [SpringApplicationShutdownHook] INFO  com.alibaba.druid.pool.DruidDataSource - {dataSource-1} closing ...
15:03:33.319 [SpringApplicationShutdownHook] INFO  com.alibaba.druid.pool.DruidDataSource - {dataSource-1} closed
15:18:30.931 [main] WARN  org.apache.velocity.deprecation - configuration key 'file.resource.loader.unicode' has been deprecated in favor of 'resource.loader.file.unicode'
15:18:30.933 [main] WARN  org.apache.velocity.deprecation - configuration key 'file.resource.loader.class' has been deprecated in favor of 'resource.loader.file.class'
15:22:00.420 [main] WARN  org.apache.velocity.deprecation - configuration key 'file.resource.loader.unicode' has been deprecated in favor of 'resource.loader.file.unicode'
15:22:00.423 [main] WARN  org.apache.velocity.deprecation - configuration key 'file.resource.loader.class' has been deprecated in favor of 'resource.loader.file.class'
15:24:25.211 [main] WARN  org.apache.velocity.deprecation - configuration key 'file.resource.loader.unicode' has been deprecated in favor of 'resource.loader.file.unicode'
15:24:25.213 [main] WARN  org.apache.velocity.deprecation - configuration key 'file.resource.loader.class' has been deprecated in favor of 'resource.loader.file.class'
15:26:40.562 [main] INFO  org.springframework.boot.test.context.SpringBootTestContextBootstrapper - Neither @ContextConfiguration nor @ContextHierarchy found for test class [com.demo.mybatisplus.MpTest], using SpringBootContextLoader
15:26:40.568 [main] INFO  org.springframework.test.context.support.AbstractContextLoader - Could not detect default resource locations for test class [com.demo.mybatisplus.MpTest]: no resource found for suffixes {-context.xml, Context.groovy}.
15:26:40.701 [main] INFO  org.springframework.boot.test.context.SpringBootTestContextBootstrapper - Loaded default TestExecutionListener class names from location [META-INF/spring.factories]: [org.springframework.boot.test.mock.mockito.MockitoTestExecutionListener, org.springframework.boot.test.mock.mockito.ResetMocksTestExecutionListener, org.springframework.boot.test.autoconfigure.restdocs.RestDocsTestExecutionListener, org.springframework.boot.test.autoconfigure.web.client.MockRestServiceServerResetTestExecutionListener, org.springframework.boot.test.autoconfigure.web.servlet.MockMvcPrintOnlyOnFailureTestExecutionListener, org.springframework.boot.test.autoconfigure.web.servlet.WebDriverTestExecutionListener, org.springframework.boot.test.autoconfigure.webservices.client.MockWebServiceServerTestExecutionListener, org.springframework.test.context.web.ServletTestExecutionListener, org.springframework.test.context.support.DirtiesContextBeforeModesTestExecutionListener, org.springframework.test.context.event.ApplicationEventsTestExecutionListener, org.springframework.test.context.support.DependencyInjectionTestExecutionListener, org.springframework.test.context.support.DirtiesContextTestExecutionListener, org.springframework.test.context.transaction.TransactionalTestExecutionListener, org.springframework.test.context.jdbc.SqlScriptsTestExecutionListener, org.springframework.test.context.event.EventPublishingTestExecutionListener]
15:26:40.712 [main] INFO  org.springframework.boot.test.context.SpringBootTestContextBootstrapper - Using TestExecutionListeners: [org.springframework.test.context.support.DirtiesContextBeforeModesTestExecutionListener@2bdd8394, org.springframework.test.context.event.ApplicationEventsTestExecutionListener@5f9edf14, org.springframework.boot.test.mock.mockito.MockitoTestExecutionListener@68746f22, org.springframework.boot.test.autoconfigure.SpringBootDependencyInjectionTestExecutionListener@2f01783a, org.springframework.test.context.support.DirtiesContextTestExecutionListener@68878f6d, org.springframework.test.context.transaction.TransactionalTestExecutionListener@41488b16, org.springframework.test.context.jdbc.SqlScriptsTestExecutionListener@a8ef162, org.springframework.test.context.event.EventPublishingTestExecutionListener@2eea88a1, org.springframework.boot.test.mock.mockito.ResetMocksTestExecutionListener@7ac296f6, org.springframework.boot.test.autoconfigure.restdocs.RestDocsTestExecutionListener@7fd7a283, org.springframework.boot.test.autoconfigure.web.client.MockRestServiceServerResetTestExecutionListener@22f59fa, org.springframework.boot.test.autoconfigure.web.servlet.MockMvcPrintOnlyOnFailureTestExecutionListener@78fa769e, org.springframework.boot.test.autoconfigure.web.servlet.WebDriverTestExecutionListener@16612a51, org.springframework.boot.test.autoconfigure.webservices.client.MockWebServiceServerTestExecutionListener@54e041a4]
15:26:41.003 [main] INFO  com.demo.mybatisplus.MpTest - Starting MpTest using Java 1.8.0_261 on DESKTOP-OG4OIQJ with PID 14144 (started by dell in C:\IdeaProjects\demo)
15:26:41.004 [main] INFO  com.demo.mybatisplus.MpTest - The following profiles are active: local
15:26:41.478 [main] INFO  com.alibaba.druid.spring.boot.autoconfigure.DruidDataSourceAutoConfigure - Init DruidDataSource
15:26:41.583 [main] INFO  com.alibaba.druid.pool.DruidDataSource - {dataSource-1} inited
15:26:42.183 [main] INFO  com.demo.mybatisplus.MpTest - Started MpTest in 1.434 seconds (JVM running for 2.407)
15:26:42.200 [main] ERROR org.springframework.test.context.TestContextManager - Caught exception while allowing TestExecutionListener [org.springframework.boot.test.autoconfigure.SpringBootDependencyInjectionTestExecutionListener@2f01783a] to prepare test instance [com.demo.mybatisplus.MpTest@68fe48d7]
org.springframework.beans.factory.BeanCreationException: Error creating bean with name 'com.demo.mybatisplus.MpTest': Injection of resource dependencies failed; nested exception is org.springframework.beans.factory.BeanNotOfRequiredTypeException: Bean named 'userDao' is expected to be of type 'com.demo.mybatisplus.mapper.UserMapper' but was actually of type 'com.sun.proxy.$Proxy81'
	at org.springframework.context.annotation.CommonAnnotationBeanPostProcessor.postProcessProperties(CommonAnnotationBeanPostProcessor.java:332) ~[spring-context-5.3.13.jar:5.3.13]
	at org.springframework.beans.factory.support.AbstractAutowireCapableBeanFactory.populateBean(AbstractAutowireCapableBeanFactory.java:1431) ~[spring-beans-5.3.13.jar:5.3.13]
	at org.springframework.beans.factory.support.AbstractAutowireCapableBeanFactory.autowireBeanProperties(AbstractAutowireCapableBeanFactory.java:417) ~[spring-beans-5.3.13.jar:5.3.13]
	at org.springframework.test.context.support.DependencyInjectionTestExecutionListener.injectDependencies(DependencyInjectionTestExecutionListener.java:119) ~[spring-test-5.3.13.jar:5.3.13]
	at org.springframework.test.context.support.DependencyInjectionTestExecutionListener.prepareTestInstance(DependencyInjectionTestExecutionListener.java:83) ~[spring-test-5.3.13.jar:5.3.13]
	at org.springframework.boot.test.autoconfigure.SpringBootDependencyInjectionTestExecutionListener.prepareTestInstance(SpringBootDependencyInjectionTestExecutionListener.java:43) ~[spring-boot-test-autoconfigure-2.6.1.jar:2.6.1]
	at org.springframework.test.context.TestContextManager.prepareTestInstance(TestContextManager.java:248) [spring-test-5.3.13.jar:5.3.13]
	at org.springframework.test.context.junit4.SpringJUnit4ClassRunner.createTest(SpringJUnit4ClassRunner.java:227) [spring-test-5.3.13.jar:5.3.13]
	at org.springframework.test.context.junit4.SpringJUnit4ClassRunner$1.runReflectiveCall(SpringJUnit4ClassRunner.java:289) [spring-test-5.3.13.jar:5.3.13]
	at org.junit.internal.runners.model.ReflectiveCallable.run(ReflectiveCallable.java:12) [junit-4.13.2.jar:4.13.2]
	at org.springframework.test.context.junit4.SpringJUnit4ClassRunner.methodBlock(SpringJUnit4ClassRunner.java:291) [spring-test-5.3.13.jar:5.3.13]
	at org.springframework.test.context.junit4.SpringJUnit4ClassRunner.runChild(SpringJUnit4ClassRunner.java:246) [spring-test-5.3.13.jar:5.3.13]
	at org.springframework.test.context.junit4.SpringJUnit4ClassRunner.runChild(SpringJUnit4ClassRunner.java:97) [spring-test-5.3.13.jar:5.3.13]
	at org.junit.runners.ParentRunner$4.run(ParentRunner.java:331) [junit-4.13.2.jar:4.13.2]
	at org.junit.runners.ParentRunner$1.schedule(ParentRunner.java:79) [junit-4.13.2.jar:4.13.2]
	at org.junit.runners.ParentRunner.runChildren(ParentRunner.java:329) [junit-4.13.2.jar:4.13.2]
	at org.junit.runners.ParentRunner.access$100(ParentRunner.java:66) [junit-4.13.2.jar:4.13.2]
	at org.junit.runners.ParentRunner$2.evaluate(ParentRunner.java:293) [junit-4.13.2.jar:4.13.2]
	at org.springframework.test.context.junit4.statements.RunBeforeTestClassCallbacks.evaluate(RunBeforeTestClassCallbacks.java:61) [spring-test-5.3.13.jar:5.3.13]
	at org.springframework.test.context.junit4.statements.RunAfterTestClassCallbacks.evaluate(RunAfterTestClassCallbacks.java:70) [spring-test-5.3.13.jar:5.3.13]
	at org.junit.runners.ParentRunner$3.evaluate(ParentRunner.java:306) [junit-4.13.2.jar:4.13.2]
	at org.junit.runners.ParentRunner.run(ParentRunner.java:413) [junit-4.13.2.jar:4.13.2]
	at org.springframework.test.context.junit4.SpringJUnit4ClassRunner.run(SpringJUnit4ClassRunner.java:190) [spring-test-5.3.13.jar:5.3.13]
	at org.junit.runner.JUnitCore.run(JUnitCore.java:137) [junit-4.13.2.jar:4.13.2]
	at com.intellij.junit4.JUnit4IdeaTestRunner.startRunnerWithArgs(JUnit4IdeaTestRunner.java:69) [junit-rt.jar:?]
	at com.intellij.rt.junit.IdeaTestRunner$Repeater.startRunnerWithArgs(IdeaTestRunner.java:33) [junit-rt.jar:?]
	at com.intellij.rt.junit.JUnitStarter.prepareStreamsAndStart(JUnitStarter.java:220) [junit-rt.jar:?]
	at com.intellij.rt.junit.JUnitStarter.main(JUnitStarter.java:53) [junit-rt.jar:?]
Caused by: org.springframework.beans.factory.BeanNotOfRequiredTypeException: Bean named 'userDao' is expected to be of type 'com.demo.mybatisplus.mapper.UserMapper' but was actually of type 'com.sun.proxy.$Proxy81'
	at org.springframework.beans.factory.support.AbstractBeanFactory.adaptBeanInstance(AbstractBeanFactory.java:417) ~[spring-beans-5.3.13.jar:5.3.13]
	at org.springframework.beans.factory.support.AbstractBeanFactory.doGetBean(AbstractBeanFactory.java:398) ~[spring-beans-5.3.13.jar:5.3.13]
	at org.springframework.beans.factory.support.AbstractBeanFactory.getBean(AbstractBeanFactory.java:213) ~[spring-beans-5.3.13.jar:5.3.13]
	at org.springframework.beans.factory.support.AbstractAutowireCapableBeanFactory.resolveBeanByName(AbstractAutowireCapableBeanFactory.java:479) ~[spring-beans-5.3.13.jar:5.3.13]
	at org.springframework.context.annotation.CommonAnnotationBeanPostProcessor.autowireResource(CommonAnnotationBeanPostProcessor.java:550) ~[spring-context-5.3.13.jar:5.3.13]
	at org.springframework.context.annotation.CommonAnnotationBeanPostProcessor.getResource(CommonAnnotationBeanPostProcessor.java:520) ~[spring-context-5.3.13.jar:5.3.13]
	at org.springframework.context.annotation.CommonAnnotationBeanPostProcessor$ResourceElement.getResourceToInject(CommonAnnotationBeanPostProcessor.java:673) ~[spring-context-5.3.13.jar:5.3.13]
	at org.springframework.beans.factory.annotation.InjectionMetadata$InjectedElement.inject(InjectionMetadata.java:228) ~[spring-beans-5.3.13.jar:5.3.13]
	at org.springframework.beans.factory.annotation.InjectionMetadata.inject(InjectionMetadata.java:119) ~[spring-beans-5.3.13.jar:5.3.13]
	at org.springframework.context.annotation.CommonAnnotationBeanPostProcessor.postProcessProperties(CommonAnnotationBeanPostProcessor.java:329) ~[spring-context-5.3.13.jar:5.3.13]
	... 27 more
15:26:42.212 [SpringApplicationShutdownHook] INFO  com.alibaba.druid.pool.DruidDataSource - {dataSource-1} closing ...
15:26:42.213 [SpringApplicationShutdownHook] INFO  com.alibaba.druid.pool.DruidDataSource - {dataSource-1} closed
15:27:21.743 [main] INFO  org.springframework.boot.test.context.SpringBootTestContextBootstrapper - Neither @ContextConfiguration nor @ContextHierarchy found for test class [com.demo.mybatisplus.MpTest], using SpringBootContextLoader
15:27:21.748 [main] INFO  org.springframework.test.context.support.AbstractContextLoader - Could not detect default resource locations for test class [com.demo.mybatisplus.MpTest]: no resource found for suffixes {-context.xml, Context.groovy}.
15:27:21.883 [main] INFO  org.springframework.boot.test.context.SpringBootTestContextBootstrapper - Loaded default TestExecutionListener class names from location [META-INF/spring.factories]: [org.springframework.boot.test.mock.mockito.MockitoTestExecutionListener, org.springframework.boot.test.mock.mockito.ResetMocksTestExecutionListener, org.springframework.boot.test.autoconfigure.restdocs.RestDocsTestExecutionListener, org.springframework.boot.test.autoconfigure.web.client.MockRestServiceServerResetTestExecutionListener, org.springframework.boot.test.autoconfigure.web.servlet.MockMvcPrintOnlyOnFailureTestExecutionListener, org.springframework.boot.test.autoconfigure.web.servlet.WebDriverTestExecutionListener, org.springframework.boot.test.autoconfigure.webservices.client.MockWebServiceServerTestExecutionListener, org.springframework.test.context.web.ServletTestExecutionListener, org.springframework.test.context.support.DirtiesContextBeforeModesTestExecutionListener, org.springframework.test.context.event.ApplicationEventsTestExecutionListener, org.springframework.test.context.support.DependencyInjectionTestExecutionListener, org.springframework.test.context.support.DirtiesContextTestExecutionListener, org.springframework.test.context.transaction.TransactionalTestExecutionListener, org.springframework.test.context.jdbc.SqlScriptsTestExecutionListener, org.springframework.test.context.event.EventPublishingTestExecutionListener]
15:27:21.895 [main] INFO  org.springframework.boot.test.context.SpringBootTestContextBootstrapper - Using TestExecutionListeners: [org.springframework.test.context.support.DirtiesContextBeforeModesTestExecutionListener@2bdd8394, org.springframework.test.context.event.ApplicationEventsTestExecutionListener@5f9edf14, org.springframework.boot.test.mock.mockito.MockitoTestExecutionListener@68746f22, org.springframework.boot.test.autoconfigure.SpringBootDependencyInjectionTestExecutionListener@2f01783a, org.springframework.test.context.support.DirtiesContextTestExecutionListener@68878f6d, org.springframework.test.context.transaction.TransactionalTestExecutionListener@41488b16, org.springframework.test.context.jdbc.SqlScriptsTestExecutionListener@a8ef162, org.springframework.test.context.event.EventPublishingTestExecutionListener@2eea88a1, org.springframework.boot.test.mock.mockito.ResetMocksTestExecutionListener@7ac296f6, org.springframework.boot.test.autoconfigure.restdocs.RestDocsTestExecutionListener@7fd7a283, org.springframework.boot.test.autoconfigure.web.client.MockRestServiceServerResetTestExecutionListener@22f59fa, org.springframework.boot.test.autoconfigure.web.servlet.MockMvcPrintOnlyOnFailureTestExecutionListener@78fa769e, org.springframework.boot.test.autoconfigure.web.servlet.WebDriverTestExecutionListener@16612a51, org.springframework.boot.test.autoconfigure.webservices.client.MockWebServiceServerTestExecutionListener@54e041a4]
15:27:22.184 [main] INFO  com.demo.mybatisplus.MpTest - Starting MpTest using Java 1.8.0_261 on DESKTOP-OG4OIQJ with PID 27284 (started by dell in C:\IdeaProjects\demo)
15:27:22.184 [main] INFO  com.demo.mybatisplus.MpTest - The following profiles are active: local
15:27:22.656 [main] INFO  com.alibaba.druid.spring.boot.autoconfigure.DruidDataSourceAutoConfigure - Init DruidDataSource
15:27:22.758 [main] INFO  com.alibaba.druid.pool.DruidDataSource - {dataSource-1} inited
15:27:23.371 [main] INFO  com.demo.mybatisplus.MpTest - Started MpTest in 1.436 seconds (JVM running for 2.322)
15:27:23.387 [main] ERROR org.springframework.test.context.TestContextManager - Caught exception while allowing TestExecutionListener [org.springframework.boot.test.autoconfigure.SpringBootDependencyInjectionTestExecutionListener@2f01783a] to prepare test instance [com.demo.mybatisplus.MpTest@37ed010a]
org.springframework.beans.factory.BeanCreationException: Error creating bean with name 'com.demo.mybatisplus.MpTest': Injection of resource dependencies failed; nested exception is org.springframework.beans.factory.BeanNotOfRequiredTypeException: Bean named 'userDao' is expected to be of type 'com.demo.mybatisplus.mapper.UserMapper' but was actually of type 'com.sun.proxy.$Proxy82'
	at org.springframework.context.annotation.CommonAnnotationBeanPostProcessor.postProcessProperties(CommonAnnotationBeanPostProcessor.java:332) ~[spring-context-5.3.13.jar:5.3.13]
	at org.springframework.beans.factory.support.AbstractAutowireCapableBeanFactory.populateBean(AbstractAutowireCapableBeanFactory.java:1431) ~[spring-beans-5.3.13.jar:5.3.13]
	at org.springframework.beans.factory.support.AbstractAutowireCapableBeanFactory.autowireBeanProperties(AbstractAutowireCapableBeanFactory.java:417) ~[spring-beans-5.3.13.jar:5.3.13]
	at org.springframework.test.context.support.DependencyInjectionTestExecutionListener.injectDependencies(DependencyInjectionTestExecutionListener.java:119) ~[spring-test-5.3.13.jar:5.3.13]
	at org.springframework.test.context.support.DependencyInjectionTestExecutionListener.prepareTestInstance(DependencyInjectionTestExecutionListener.java:83) ~[spring-test-5.3.13.jar:5.3.13]
	at org.springframework.boot.test.autoconfigure.SpringBootDependencyInjectionTestExecutionListener.prepareTestInstance(SpringBootDependencyInjectionTestExecutionListener.java:43) ~[spring-boot-test-autoconfigure-2.6.1.jar:2.6.1]
	at org.springframework.test.context.TestContextManager.prepareTestInstance(TestContextManager.java:248) [spring-test-5.3.13.jar:5.3.13]
	at org.springframework.test.context.junit4.SpringJUnit4ClassRunner.createTest(SpringJUnit4ClassRunner.java:227) [spring-test-5.3.13.jar:5.3.13]
	at org.springframework.test.context.junit4.SpringJUnit4ClassRunner$1.runReflectiveCall(SpringJUnit4ClassRunner.java:289) [spring-test-5.3.13.jar:5.3.13]
	at org.junit.internal.runners.model.ReflectiveCallable.run(ReflectiveCallable.java:12) [junit-4.13.2.jar:4.13.2]
	at org.springframework.test.context.junit4.SpringJUnit4ClassRunner.methodBlock(SpringJUnit4ClassRunner.java:291) [spring-test-5.3.13.jar:5.3.13]
	at org.springframework.test.context.junit4.SpringJUnit4ClassRunner.runChild(SpringJUnit4ClassRunner.java:246) [spring-test-5.3.13.jar:5.3.13]
	at org.springframework.test.context.junit4.SpringJUnit4ClassRunner.runChild(SpringJUnit4ClassRunner.java:97) [spring-test-5.3.13.jar:5.3.13]
	at org.junit.runners.ParentRunner$4.run(ParentRunner.java:331) [junit-4.13.2.jar:4.13.2]
	at org.junit.runners.ParentRunner$1.schedule(ParentRunner.java:79) [junit-4.13.2.jar:4.13.2]
	at org.junit.runners.ParentRunner.runChildren(ParentRunner.java:329) [junit-4.13.2.jar:4.13.2]
	at org.junit.runners.ParentRunner.access$100(ParentRunner.java:66) [junit-4.13.2.jar:4.13.2]
	at org.junit.runners.ParentRunner$2.evaluate(ParentRunner.java:293) [junit-4.13.2.jar:4.13.2]
	at org.springframework.test.context.junit4.statements.RunBeforeTestClassCallbacks.evaluate(RunBeforeTestClassCallbacks.java:61) [spring-test-5.3.13.jar:5.3.13]
	at org.springframework.test.context.junit4.statements.RunAfterTestClassCallbacks.evaluate(RunAfterTestClassCallbacks.java:70) [spring-test-5.3.13.jar:5.3.13]
	at org.junit.runners.ParentRunner$3.evaluate(ParentRunner.java:306) [junit-4.13.2.jar:4.13.2]
	at org.junit.runners.ParentRunner.run(ParentRunner.java:413) [junit-4.13.2.jar:4.13.2]
	at org.springframework.test.context.junit4.SpringJUnit4ClassRunner.run(SpringJUnit4ClassRunner.java:190) [spring-test-5.3.13.jar:5.3.13]
	at org.junit.runner.JUnitCore.run(JUnitCore.java:137) [junit-4.13.2.jar:4.13.2]
	at com.intellij.junit4.JUnit4IdeaTestRunner.startRunnerWithArgs(JUnit4IdeaTestRunner.java:69) [junit-rt.jar:?]
	at com.intellij.rt.junit.IdeaTestRunner$Repeater.startRunnerWithArgs(IdeaTestRunner.java:33) [junit-rt.jar:?]
	at com.intellij.rt.junit.JUnitStarter.prepareStreamsAndStart(JUnitStarter.java:220) [junit-rt.jar:?]
	at com.intellij.rt.junit.JUnitStarter.main(JUnitStarter.java:53) [junit-rt.jar:?]
Caused by: org.springframework.beans.factory.BeanNotOfRequiredTypeException: Bean named 'userDao' is expected to be of type 'com.demo.mybatisplus.mapper.UserMapper' but was actually of type 'com.sun.proxy.$Proxy82'
	at org.springframework.beans.factory.support.AbstractBeanFactory.adaptBeanInstance(AbstractBeanFactory.java:417) ~[spring-beans-5.3.13.jar:5.3.13]
	at org.springframework.beans.factory.support.AbstractBeanFactory.doGetBean(AbstractBeanFactory.java:398) ~[spring-beans-5.3.13.jar:5.3.13]
	at org.springframework.beans.factory.support.AbstractBeanFactory.getBean(AbstractBeanFactory.java:213) ~[spring-beans-5.3.13.jar:5.3.13]
	at org.springframework.beans.factory.support.AbstractAutowireCapableBeanFactory.resolveBeanByName(AbstractAutowireCapableBeanFactory.java:479) ~[spring-beans-5.3.13.jar:5.3.13]
	at org.springframework.context.annotation.CommonAnnotationBeanPostProcessor.autowireResource(CommonAnnotationBeanPostProcessor.java:550) ~[spring-context-5.3.13.jar:5.3.13]
	at org.springframework.context.annotation.CommonAnnotationBeanPostProcessor.getResource(CommonAnnotationBeanPostProcessor.java:520) ~[spring-context-5.3.13.jar:5.3.13]
	at org.springframework.context.annotation.CommonAnnotationBeanPostProcessor$ResourceElement.getResourceToInject(CommonAnnotationBeanPostProcessor.java:673) ~[spring-context-5.3.13.jar:5.3.13]
	at org.springframework.beans.factory.annotation.InjectionMetadata$InjectedElement.inject(InjectionMetadata.java:228) ~[spring-beans-5.3.13.jar:5.3.13]
	at org.springframework.beans.factory.annotation.InjectionMetadata.inject(InjectionMetadata.java:119) ~[spring-beans-5.3.13.jar:5.3.13]
	at org.springframework.context.annotation.CommonAnnotationBeanPostProcessor.postProcessProperties(CommonAnnotationBeanPostProcessor.java:329) ~[spring-context-5.3.13.jar:5.3.13]
	... 27 more
15:27:23.403 [SpringApplicationShutdownHook] INFO  com.alibaba.druid.pool.DruidDataSource - {dataSource-1} closing ...
15:27:23.404 [SpringApplicationShutdownHook] INFO  com.alibaba.druid.pool.DruidDataSource - {dataSource-1} closed
15:29:00.485 [main] INFO  org.springframework.boot.test.context.SpringBootTestContextBootstrapper - Neither @ContextConfiguration nor @ContextHierarchy found for test class [com.demo.mybatisplus.MpTest], using SpringBootContextLoader
15:29:00.513 [main] INFO  org.springframework.test.context.support.AbstractContextLoader - Could not detect default resource locations for test class [com.demo.mybatisplus.MpTest]: no resource found for suffixes {-context.xml, Context.groovy}.
15:29:00.970 [main] INFO  org.springframework.boot.test.context.SpringBootTestContextBootstrapper - Loaded default TestExecutionListener class names from location [META-INF/spring.factories]: [org.springframework.boot.test.mock.mockito.MockitoTestExecutionListener, org.springframework.boot.test.mock.mockito.ResetMocksTestExecutionListener, org.springframework.boot.test.autoconfigure.restdocs.RestDocsTestExecutionListener, org.springframework.boot.test.autoconfigure.web.client.MockRestServiceServerResetTestExecutionListener, org.springframework.boot.test.autoconfigure.web.servlet.MockMvcPrintOnlyOnFailureTestExecutionListener, org.springframework.boot.test.autoconfigure.web.servlet.WebDriverTestExecutionListener, org.springframework.boot.test.autoconfigure.webservices.client.MockWebServiceServerTestExecutionListener, org.springframework.test.context.web.ServletTestExecutionListener, org.springframework.test.context.support.DirtiesContextBeforeModesTestExecutionListener, org.springframework.test.context.event.ApplicationEventsTestExecutionListener, org.springframework.test.context.support.DependencyInjectionTestExecutionListener, org.springframework.test.context.support.DirtiesContextTestExecutionListener, org.springframework.test.context.transaction.TransactionalTestExecutionListener, org.springframework.test.context.jdbc.SqlScriptsTestExecutionListener, org.springframework.test.context.event.EventPublishingTestExecutionListener]
15:29:00.989 [main] INFO  org.springframework.boot.test.context.SpringBootTestContextBootstrapper - Using TestExecutionListeners: [org.springframework.test.context.support.DirtiesContextBeforeModesTestExecutionListener@5082d622, org.springframework.test.context.event.ApplicationEventsTestExecutionListener@13d4992d, org.springframework.boot.test.mock.mockito.MockitoTestExecutionListener@302f7971, org.springframework.boot.test.autoconfigure.SpringBootDependencyInjectionTestExecutionListener@332729ad, org.springframework.test.context.support.DirtiesContextTestExecutionListener@75d2da2d, org.springframework.test.context.transaction.TransactionalTestExecutionListener@4278284b, org.springframework.test.context.jdbc.SqlScriptsTestExecutionListener@9573584, org.springframework.test.context.event.EventPublishingTestExecutionListener@3370f42, org.springframework.boot.test.mock.mockito.ResetMocksTestExecutionListener@6057aebb, org.springframework.boot.test.autoconfigure.restdocs.RestDocsTestExecutionListener@63eef88a, org.springframework.boot.test.autoconfigure.web.client.MockRestServiceServerResetTestExecutionListener@53251a66, org.springframework.boot.test.autoconfigure.web.servlet.MockMvcPrintOnlyOnFailureTestExecutionListener@6853425f, org.springframework.boot.test.autoconfigure.web.servlet.WebDriverTestExecutionListener@352c1b98, org.springframework.boot.test.autoconfigure.webservices.client.MockWebServiceServerTestExecutionListener@21129f1f]
15:29:01.452 [main] INFO  com.demo.mybatisplus.MpTest - Starting MpTest using Java 1.8.0_261 on DESKTOP-OG4OIQJ with PID 27228 (started by dell in C:\IdeaProjects\demo)
15:29:01.453 [main] INFO  com.demo.mybatisplus.MpTest - The following profiles are active: local
15:29:02.054 [main] INFO  com.alibaba.druid.spring.boot.autoconfigure.DruidDataSourceAutoConfigure - Init DruidDataSource
15:29:02.170 [main] INFO  com.alibaba.druid.pool.DruidDataSource - {dataSource-1} inited
15:29:02.829 [main] INFO  com.demo.mybatisplus.MpTest - Started MpTest in 1.635 seconds (JVM running for 3.626)
15:29:03.205 [SpringApplicationShutdownHook] INFO  com.alibaba.druid.pool.DruidDataSource - {dataSource-1} closing ...
15:29:03.213 [SpringApplicationShutdownHook] INFO  com.alibaba.druid.pool.DruidDataSource - {dataSource-1} closed
15:29:28.336 [main] INFO  org.springframework.boot.test.context.SpringBootTestContextBootstrapper - Neither @ContextConfiguration nor @ContextHierarchy found for test class [com.demo.mybatisplus.MpTest], using SpringBootContextLoader
15:29:28.341 [main] INFO  org.springframework.test.context.support.AbstractContextLoader - Could not detect default resource locations for test class [com.demo.mybatisplus.MpTest]: no resource found for suffixes {-context.xml, Context.groovy}.
15:29:28.475 [main] INFO  org.springframework.boot.test.context.SpringBootTestContextBootstrapper - Loaded default TestExecutionListener class names from location [META-INF/spring.factories]: [org.springframework.boot.test.mock.mockito.MockitoTestExecutionListener, org.springframework.boot.test.mock.mockito.ResetMocksTestExecutionListener, org.springframework.boot.test.autoconfigure.restdocs.RestDocsTestExecutionListener, org.springframework.boot.test.autoconfigure.web.client.MockRestServiceServerResetTestExecutionListener, org.springframework.boot.test.autoconfigure.web.servlet.MockMvcPrintOnlyOnFailureTestExecutionListener, org.springframework.boot.test.autoconfigure.web.servlet.WebDriverTestExecutionListener, org.springframework.boot.test.autoconfigure.webservices.client.MockWebServiceServerTestExecutionListener, org.springframework.test.context.web.ServletTestExecutionListener, org.springframework.test.context.support.DirtiesContextBeforeModesTestExecutionListener, org.springframework.test.context.event.ApplicationEventsTestExecutionListener, org.springframework.test.context.support.DependencyInjectionTestExecutionListener, org.springframework.test.context.support.DirtiesContextTestExecutionListener, org.springframework.test.context.transaction.TransactionalTestExecutionListener, org.springframework.test.context.jdbc.SqlScriptsTestExecutionListener, org.springframework.test.context.event.EventPublishingTestExecutionListener]
15:29:28.488 [main] INFO  org.springframework.boot.test.context.SpringBootTestContextBootstrapper - Using TestExecutionListeners: [org.springframework.test.context.support.DirtiesContextBeforeModesTestExecutionListener@5082d622, org.springframework.test.context.event.ApplicationEventsTestExecutionListener@13d4992d, org.springframework.boot.test.mock.mockito.MockitoTestExecutionListener@302f7971, org.springframework.boot.test.autoconfigure.SpringBootDependencyInjectionTestExecutionListener@332729ad, org.springframework.test.context.support.DirtiesContextTestExecutionListener@75d2da2d, org.springframework.test.context.transaction.TransactionalTestExecutionListener@4278284b, org.springframework.test.context.jdbc.SqlScriptsTestExecutionListener@9573584, org.springframework.test.context.event.EventPublishingTestExecutionListener@3370f42, org.springframework.boot.test.mock.mockito.ResetMocksTestExecutionListener@6057aebb, org.springframework.boot.test.autoconfigure.restdocs.RestDocsTestExecutionListener@63eef88a, org.springframework.boot.test.autoconfigure.web.client.MockRestServiceServerResetTestExecutionListener@53251a66, org.springframework.boot.test.autoconfigure.web.servlet.MockMvcPrintOnlyOnFailureTestExecutionListener@6853425f, org.springframework.boot.test.autoconfigure.web.servlet.WebDriverTestExecutionListener@352c1b98, org.springframework.boot.test.autoconfigure.webservices.client.MockWebServiceServerTestExecutionListener@21129f1f]
15:29:28.826 [main] INFO  com.demo.mybatisplus.MpTest - Starting MpTest using Java 1.8.0_261 on DESKTOP-OG4OIQJ with PID 6576 (started by dell in C:\IdeaProjects\demo)
15:29:28.827 [main] INFO  com.demo.mybatisplus.MpTest - The following profiles are active: local
15:29:29.373 [main] INFO  com.alibaba.druid.spring.boot.autoconfigure.DruidDataSourceAutoConfigure - Init DruidDataSource
15:29:29.494 [main] INFO  com.alibaba.druid.pool.DruidDataSource - {dataSource-1} inited
15:29:30.135 [main] INFO  com.demo.mybatisplus.MpTest - Started MpTest in 1.561 seconds (JVM running for 3.488)
15:29:30.477 [SpringApplicationShutdownHook] INFO  com.alibaba.druid.pool.DruidDataSource - {dataSource-1} closing ...
15:29:30.482 [SpringApplicationShutdownHook] INFO  com.alibaba.druid.pool.DruidDataSource - {dataSource-1} closed
15:30:03.008 [main] INFO  org.springframework.boot.test.context.SpringBootTestContextBootstrapper - Neither @ContextConfiguration nor @ContextHierarchy found for test class [com.demo.mybatisplus.MpTest], using SpringBootContextLoader
15:30:03.016 [main] INFO  org.springframework.test.context.support.AbstractContextLoader - Could not detect default resource locations for test class [com.demo.mybatisplus.MpTest]: no resource found for suffixes {-context.xml, Context.groovy}.
15:30:03.153 [main] INFO  org.springframework.boot.test.context.SpringBootTestContextBootstrapper - Loaded default TestExecutionListener class names from location [META-INF/spring.factories]: [org.springframework.boot.test.mock.mockito.MockitoTestExecutionListener, org.springframework.boot.test.mock.mockito.ResetMocksTestExecutionListener, org.springframework.boot.test.autoconfigure.restdocs.RestDocsTestExecutionListener, org.springframework.boot.test.autoconfigure.web.client.MockRestServiceServerResetTestExecutionListener, org.springframework.boot.test.autoconfigure.web.servlet.MockMvcPrintOnlyOnFailureTestExecutionListener, org.springframework.boot.test.autoconfigure.web.servlet.WebDriverTestExecutionListener, org.springframework.boot.test.autoconfigure.webservices.client.MockWebServiceServerTestExecutionListener, org.springframework.test.context.web.ServletTestExecutionListener, org.springframework.test.context.support.DirtiesContextBeforeModesTestExecutionListener, org.springframework.test.context.event.ApplicationEventsTestExecutionListener, org.springframework.test.context.support.DependencyInjectionTestExecutionListener, org.springframework.test.context.support.DirtiesContextTestExecutionListener, org.springframework.test.context.transaction.TransactionalTestExecutionListener, org.springframework.test.context.jdbc.SqlScriptsTestExecutionListener, org.springframework.test.context.event.EventPublishingTestExecutionListener]
15:30:03.165 [main] INFO  org.springframework.boot.test.context.SpringBootTestContextBootstrapper - Using TestExecutionListeners: [org.springframework.test.context.support.DirtiesContextBeforeModesTestExecutionListener@2bdd8394, org.springframework.test.context.event.ApplicationEventsTestExecutionListener@5f9edf14, org.springframework.boot.test.mock.mockito.MockitoTestExecutionListener@68746f22, org.springframework.boot.test.autoconfigure.SpringBootDependencyInjectionTestExecutionListener@2f01783a, org.springframework.test.context.support.DirtiesContextTestExecutionListener@68878f6d, org.springframework.test.context.transaction.TransactionalTestExecutionListener@41488b16, org.springframework.test.context.jdbc.SqlScriptsTestExecutionListener@a8ef162, org.springframework.test.context.event.EventPublishingTestExecutionListener@2eea88a1, org.springframework.boot.test.mock.mockito.ResetMocksTestExecutionListener@7ac296f6, org.springframework.boot.test.autoconfigure.restdocs.RestDocsTestExecutionListener@7fd7a283, org.springframework.boot.test.autoconfigure.web.client.MockRestServiceServerResetTestExecutionListener@22f59fa, org.springframework.boot.test.autoconfigure.web.servlet.MockMvcPrintOnlyOnFailureTestExecutionListener@78fa769e, org.springframework.boot.test.autoconfigure.web.servlet.WebDriverTestExecutionListener@16612a51, org.springframework.boot.test.autoconfigure.webservices.client.MockWebServiceServerTestExecutionListener@54e041a4]
15:30:03.453 [main] INFO  com.demo.mybatisplus.MpTest - Starting MpTest using Java 1.8.0_261 on DESKTOP-OG4OIQJ with PID 19256 (started by dell in C:\IdeaProjects\demo)
15:30:03.454 [main] INFO  com.demo.mybatisplus.MpTest - The following profiles are active: local
15:30:03.924 [main] INFO  com.alibaba.druid.spring.boot.autoconfigure.DruidDataSourceAutoConfigure - Init DruidDataSource
15:30:04.030 [main] INFO  com.alibaba.druid.pool.DruidDataSource - {dataSource-1} inited
15:30:04.675 [main] INFO  com.demo.mybatisplus.MpTest - Started MpTest in 1.471 seconds (JVM running for 2.381)
15:30:04.880 [SpringApplicationShutdownHook] INFO  com.alibaba.druid.pool.DruidDataSource - {dataSource-1} closing ...
15:30:04.881 [SpringApplicationShutdownHook] INFO  com.alibaba.druid.pool.DruidDataSource - {dataSource-1} closed
15:30:57.665 [main] INFO  org.springframework.boot.test.context.SpringBootTestContextBootstrapper - Neither @ContextConfiguration nor @ContextHierarchy found for test class [com.demo.mybatisplus.MpTest], using SpringBootContextLoader
15:30:57.670 [main] INFO  org.springframework.test.context.support.AbstractContextLoader - Could not detect default resource locations for test class [com.demo.mybatisplus.MpTest]: no resource found for suffixes {-context.xml, Context.groovy}.
15:30:57.801 [main] INFO  org.springframework.boot.test.context.SpringBootTestContextBootstrapper - Loaded default TestExecutionListener class names from location [META-INF/spring.factories]: [org.springframework.boot.test.mock.mockito.MockitoTestExecutionListener, org.springframework.boot.test.mock.mockito.ResetMocksTestExecutionListener, org.springframework.boot.test.autoconfigure.restdocs.RestDocsTestExecutionListener, org.springframework.boot.test.autoconfigure.web.client.MockRestServiceServerResetTestExecutionListener, org.springframework.boot.test.autoconfigure.web.servlet.MockMvcPrintOnlyOnFailureTestExecutionListener, org.springframework.boot.test.autoconfigure.web.servlet.WebDriverTestExecutionListener, org.springframework.boot.test.autoconfigure.webservices.client.MockWebServiceServerTestExecutionListener, org.springframework.test.context.web.ServletTestExecutionListener, org.springframework.test.context.support.DirtiesContextBeforeModesTestExecutionListener, org.springframework.test.context.event.ApplicationEventsTestExecutionListener, org.springframework.test.context.support.DependencyInjectionTestExecutionListener, org.springframework.test.context.support.DirtiesContextTestExecutionListener, org.springframework.test.context.transaction.TransactionalTestExecutionListener, org.springframework.test.context.jdbc.SqlScriptsTestExecutionListener, org.springframework.test.context.event.EventPublishingTestExecutionListener]
15:30:57.814 [main] INFO  org.springframework.boot.test.context.SpringBootTestContextBootstrapper - Using TestExecutionListeners: [org.springframework.test.context.support.DirtiesContextBeforeModesTestExecutionListener@2bdd8394, org.springframework.test.context.event.ApplicationEventsTestExecutionListener@5f9edf14, org.springframework.boot.test.mock.mockito.MockitoTestExecutionListener@68746f22, org.springframework.boot.test.autoconfigure.SpringBootDependencyInjectionTestExecutionListener@2f01783a, org.springframework.test.context.support.DirtiesContextTestExecutionListener@68878f6d, org.springframework.test.context.transaction.TransactionalTestExecutionListener@41488b16, org.springframework.test.context.jdbc.SqlScriptsTestExecutionListener@a8ef162, org.springframework.test.context.event.EventPublishingTestExecutionListener@2eea88a1, org.springframework.boot.test.mock.mockito.ResetMocksTestExecutionListener@7ac296f6, org.springframework.boot.test.autoconfigure.restdocs.RestDocsTestExecutionListener@7fd7a283, org.springframework.boot.test.autoconfigure.web.client.MockRestServiceServerResetTestExecutionListener@22f59fa, org.springframework.boot.test.autoconfigure.web.servlet.MockMvcPrintOnlyOnFailureTestExecutionListener@78fa769e, org.springframework.boot.test.autoconfigure.web.servlet.WebDriverTestExecutionListener@16612a51, org.springframework.boot.test.autoconfigure.webservices.client.MockWebServiceServerTestExecutionListener@54e041a4]
15:30:58.107 [main] INFO  com.demo.mybatisplus.MpTest - Starting MpTest using Java 1.8.0_261 on DESKTOP-OG4OIQJ with PID 25304 (started by dell in C:\IdeaProjects\demo)
15:30:58.107 [main] INFO  com.demo.mybatisplus.MpTest - The following profiles are active: local
15:30:58.577 [main] INFO  com.alibaba.druid.spring.boot.autoconfigure.DruidDataSourceAutoConfigure - Init DruidDataSource
15:30:58.682 [main] INFO  com.alibaba.druid.pool.DruidDataSource - {dataSource-1} inited
15:30:59.369 [main] INFO  com.demo.mybatisplus.MpTest - Started MpTest in 1.515 seconds (JVM running for 2.4)
15:30:59.593 [SpringApplicationShutdownHook] INFO  com.alibaba.druid.pool.DruidDataSource - {dataSource-1} closing ...
15:30:59.595 [SpringApplicationShutdownHook] INFO  com.alibaba.druid.pool.DruidDataSource - {dataSource-1} closed
15:31:44.435 [main] INFO  org.springframework.boot.test.context.SpringBootTestContextBootstrapper - Neither @ContextConfiguration nor @ContextHierarchy found for test class [com.demo.mybatisplus.MpTest], using SpringBootContextLoader
15:31:44.440 [main] INFO  org.springframework.test.context.support.AbstractContextLoader - Could not detect default resource locations for test class [com.demo.mybatisplus.MpTest]: no resource found for suffixes {-context.xml, Context.groovy}.
15:31:44.582 [main] INFO  org.springframework.boot.test.context.SpringBootTestContextBootstrapper - Loaded default TestExecutionListener class names from location [META-INF/spring.factories]: [org.springframework.boot.test.mock.mockito.MockitoTestExecutionListener, org.springframework.boot.test.mock.mockito.ResetMocksTestExecutionListener, org.springframework.boot.test.autoconfigure.restdocs.RestDocsTestExecutionListener, org.springframework.boot.test.autoconfigure.web.client.MockRestServiceServerResetTestExecutionListener, org.springframework.boot.test.autoconfigure.web.servlet.MockMvcPrintOnlyOnFailureTestExecutionListener, org.springframework.boot.test.autoconfigure.web.servlet.WebDriverTestExecutionListener, org.springframework.boot.test.autoconfigure.webservices.client.MockWebServiceServerTestExecutionListener, org.springframework.test.context.web.ServletTestExecutionListener, org.springframework.test.context.support.DirtiesContextBeforeModesTestExecutionListener, org.springframework.test.context.event.ApplicationEventsTestExecutionListener, org.springframework.test.context.support.DependencyInjectionTestExecutionListener, org.springframework.test.context.support.DirtiesContextTestExecutionListener, org.springframework.test.context.transaction.TransactionalTestExecutionListener, org.springframework.test.context.jdbc.SqlScriptsTestExecutionListener, org.springframework.test.context.event.EventPublishingTestExecutionListener]
15:31:44.595 [main] INFO  org.springframework.boot.test.context.SpringBootTestContextBootstrapper - Using TestExecutionListeners: [org.springframework.test.context.support.DirtiesContextBeforeModesTestExecutionListener@5082d622, org.springframework.test.context.event.ApplicationEventsTestExecutionListener@13d4992d, org.springframework.boot.test.mock.mockito.MockitoTestExecutionListener@302f7971, org.springframework.boot.test.autoconfigure.SpringBootDependencyInjectionTestExecutionListener@332729ad, org.springframework.test.context.support.DirtiesContextTestExecutionListener@75d2da2d, org.springframework.test.context.transaction.TransactionalTestExecutionListener@4278284b, org.springframework.test.context.jdbc.SqlScriptsTestExecutionListener@9573584, org.springframework.test.context.event.EventPublishingTestExecutionListener@3370f42, org.springframework.boot.test.mock.mockito.ResetMocksTestExecutionListener@6057aebb, org.springframework.boot.test.autoconfigure.restdocs.RestDocsTestExecutionListener@63eef88a, org.springframework.boot.test.autoconfigure.web.client.MockRestServiceServerResetTestExecutionListener@53251a66, org.springframework.boot.test.autoconfigure.web.servlet.MockMvcPrintOnlyOnFailureTestExecutionListener@6853425f, org.springframework.boot.test.autoconfigure.web.servlet.WebDriverTestExecutionListener@352c1b98, org.springframework.boot.test.autoconfigure.webservices.client.MockWebServiceServerTestExecutionListener@21129f1f]
15:31:44.970 [main] INFO  com.demo.mybatisplus.MpTest - Starting MpTest using Java 1.8.0_261 on DESKTOP-OG4OIQJ with PID 27744 (started by dell in C:\IdeaProjects\demo)
15:31:44.970 [main] INFO  com.demo.mybatisplus.MpTest - The following profiles are active: local
15:31:45.511 [main] INFO  com.alibaba.druid.spring.boot.autoconfigure.DruidDataSourceAutoConfigure - Init DruidDataSource
15:31:45.615 [main] INFO  com.alibaba.druid.pool.DruidDataSource - {dataSource-1} inited
15:31:46.254 [main] INFO  com.demo.mybatisplus.MpTest - Started MpTest in 1.568 seconds (JVM running for 3.636)
15:31:46.452 [SpringApplicationShutdownHook] INFO  com.alibaba.druid.pool.DruidDataSource - {dataSource-1} closing ...
15:31:46.453 [SpringApplicationShutdownHook] INFO  com.alibaba.druid.pool.DruidDataSource - {dataSource-1} closed
15:37:14.071 [main] INFO  org.springframework.boot.test.context.SpringBootTestContextBootstrapper - Neither @ContextConfiguration nor @ContextHierarchy found for test class [com.demo.mybatisplus.MpTest], using SpringBootContextLoader
15:37:14.075 [main] INFO  org.springframework.test.context.support.AbstractContextLoader - Could not detect default resource locations for test class [com.demo.mybatisplus.MpTest]: no resource found for suffixes {-context.xml, Context.groovy}.
15:37:14.215 [main] INFO  org.springframework.boot.test.context.SpringBootTestContextBootstrapper - Loaded default TestExecutionListener class names from location [META-INF/spring.factories]: [org.springframework.boot.test.mock.mockito.MockitoTestExecutionListener, org.springframework.boot.test.mock.mockito.ResetMocksTestExecutionListener, org.springframework.boot.test.autoconfigure.restdocs.RestDocsTestExecutionListener, org.springframework.boot.test.autoconfigure.web.client.MockRestServiceServerResetTestExecutionListener, org.springframework.boot.test.autoconfigure.web.servlet.MockMvcPrintOnlyOnFailureTestExecutionListener, org.springframework.boot.test.autoconfigure.web.servlet.WebDriverTestExecutionListener, org.springframework.boot.test.autoconfigure.webservices.client.MockWebServiceServerTestExecutionListener, org.springframework.test.context.web.ServletTestExecutionListener, org.springframework.test.context.support.DirtiesContextBeforeModesTestExecutionListener, org.springframework.test.context.event.ApplicationEventsTestExecutionListener, org.springframework.test.context.support.DependencyInjectionTestExecutionListener, org.springframework.test.context.support.DirtiesContextTestExecutionListener, org.springframework.test.context.transaction.TransactionalTestExecutionListener, org.springframework.test.context.jdbc.SqlScriptsTestExecutionListener, org.springframework.test.context.event.EventPublishingTestExecutionListener]
15:37:14.228 [main] INFO  org.springframework.boot.test.context.SpringBootTestContextBootstrapper - Using TestExecutionListeners: [org.springframework.test.context.support.DirtiesContextBeforeModesTestExecutionListener@2bdd8394, org.springframework.test.context.event.ApplicationEventsTestExecutionListener@5f9edf14, org.springframework.boot.test.mock.mockito.MockitoTestExecutionListener@68746f22, org.springframework.boot.test.autoconfigure.SpringBootDependencyInjectionTestExecutionListener@2f01783a, org.springframework.test.context.support.DirtiesContextTestExecutionListener@68878f6d, org.springframework.test.context.transaction.TransactionalTestExecutionListener@41488b16, org.springframework.test.context.jdbc.SqlScriptsTestExecutionListener@a8ef162, org.springframework.test.context.event.EventPublishingTestExecutionListener@2eea88a1, org.springframework.boot.test.mock.mockito.ResetMocksTestExecutionListener@7ac296f6, org.springframework.boot.test.autoconfigure.restdocs.RestDocsTestExecutionListener@7fd7a283, org.springframework.boot.test.autoconfigure.web.client.MockRestServiceServerResetTestExecutionListener@22f59fa, org.springframework.boot.test.autoconfigure.web.servlet.MockMvcPrintOnlyOnFailureTestExecutionListener@78fa769e, org.springframework.boot.test.autoconfigure.web.servlet.WebDriverTestExecutionListener@16612a51, org.springframework.boot.test.autoconfigure.webservices.client.MockWebServiceServerTestExecutionListener@54e041a4]
15:37:14.539 [main] INFO  com.demo.mybatisplus.MpTest - Starting MpTest using Java 1.8.0_261 on DESKTOP-OG4OIQJ with PID 16768 (started by dell in C:\IdeaProjects\demo)
15:37:14.539 [main] INFO  com.demo.mybatisplus.MpTest - The following profiles are active: local
15:37:15.082 [main] INFO  com.alibaba.druid.spring.boot.autoconfigure.DruidDataSourceAutoConfigure - Init DruidDataSource
15:37:15.193 [main] INFO  com.alibaba.druid.pool.DruidDataSource - {dataSource-1} inited
15:37:15.862 [main] INFO  com.demo.mybatisplus.MpTest - Started MpTest in 1.593 seconds (JVM running for 2.534)
15:37:16.071 [SpringApplicationShutdownHook] INFO  com.alibaba.druid.pool.DruidDataSource - {dataSource-1} closing ...
15:37:16.071 [SpringApplicationShutdownHook] INFO  com.alibaba.druid.pool.DruidDataSource - {dataSource-1} closed
15:38:57.007 [main] INFO  org.springframework.boot.test.context.SpringBootTestContextBootstrapper - Neither @ContextConfiguration nor @ContextHierarchy found for test class [com.demo.mybatisplus.MpTest], using SpringBootContextLoader
15:38:57.012 [main] INFO  org.springframework.test.context.support.AbstractContextLoader - Could not detect default resource locations for test class [com.demo.mybatisplus.MpTest]: no resource found for suffixes {-context.xml, Context.groovy}.
15:38:57.143 [main] INFO  org.springframework.boot.test.context.SpringBootTestContextBootstrapper - Loaded default TestExecutionListener class names from location [META-INF/spring.factories]: [org.springframework.boot.test.mock.mockito.MockitoTestExecutionListener, org.springframework.boot.test.mock.mockito.ResetMocksTestExecutionListener, org.springframework.boot.test.autoconfigure.restdocs.RestDocsTestExecutionListener, org.springframework.boot.test.autoconfigure.web.client.MockRestServiceServerResetTestExecutionListener, org.springframework.boot.test.autoconfigure.web.servlet.MockMvcPrintOnlyOnFailureTestExecutionListener, org.springframework.boot.test.autoconfigure.web.servlet.WebDriverTestExecutionListener, org.springframework.boot.test.autoconfigure.webservices.client.MockWebServiceServerTestExecutionListener, org.springframework.test.context.web.ServletTestExecutionListener, org.springframework.test.context.support.DirtiesContextBeforeModesTestExecutionListener, org.springframework.test.context.event.ApplicationEventsTestExecutionListener, org.springframework.test.context.support.DependencyInjectionTestExecutionListener, org.springframework.test.context.support.DirtiesContextTestExecutionListener, org.springframework.test.context.transaction.TransactionalTestExecutionListener, org.springframework.test.context.jdbc.SqlScriptsTestExecutionListener, org.springframework.test.context.event.EventPublishingTestExecutionListener]
15:38:57.155 [main] INFO  org.springframework.boot.test.context.SpringBootTestContextBootstrapper - Using TestExecutionListeners: [org.springframework.test.context.support.DirtiesContextBeforeModesTestExecutionListener@2bdd8394, org.springframework.test.context.event.ApplicationEventsTestExecutionListener@5f9edf14, org.springframework.boot.test.mock.mockito.MockitoTestExecutionListener@68746f22, org.springframework.boot.test.autoconfigure.SpringBootDependencyInjectionTestExecutionListener@2f01783a, org.springframework.test.context.support.DirtiesContextTestExecutionListener@68878f6d, org.springframework.test.context.transaction.TransactionalTestExecutionListener@41488b16, org.springframework.test.context.jdbc.SqlScriptsTestExecutionListener@a8ef162, org.springframework.test.context.event.EventPublishingTestExecutionListener@2eea88a1, org.springframework.boot.test.mock.mockito.ResetMocksTestExecutionListener@7ac296f6, org.springframework.boot.test.autoconfigure.restdocs.RestDocsTestExecutionListener@7fd7a283, org.springframework.boot.test.autoconfigure.web.client.MockRestServiceServerResetTestExecutionListener@22f59fa, org.springframework.boot.test.autoconfigure.web.servlet.MockMvcPrintOnlyOnFailureTestExecutionListener@78fa769e, org.springframework.boot.test.autoconfigure.web.servlet.WebDriverTestExecutionListener@16612a51, org.springframework.boot.test.autoconfigure.webservices.client.MockWebServiceServerTestExecutionListener@54e041a4]
15:38:57.443 [main] INFO  com.demo.mybatisplus.MpTest - Starting MpTest using Java 1.8.0_261 on DESKTOP-OG4OIQJ with PID 22932 (started by dell in C:\IdeaProjects\demo)
15:38:57.444 [main] INFO  com.demo.mybatisplus.MpTest - The following profiles are active: local
15:38:57.914 [main] INFO  com.alibaba.druid.spring.boot.autoconfigure.DruidDataSourceAutoConfigure - Init DruidDataSource
15:38:58.018 [main] INFO  com.alibaba.druid.pool.DruidDataSource - {dataSource-1} inited
15:38:58.636 [main] INFO  com.demo.mybatisplus.MpTest - Started MpTest in 1.442 seconds (JVM running for 2.306)
15:38:58.841 [SpringApplicationShutdownHook] INFO  com.alibaba.druid.pool.DruidDataSource - {dataSource-1} closing ...
15:38:58.842 [SpringApplicationShutdownHook] INFO  com.alibaba.druid.pool.DruidDataSource - {dataSource-1} closed
15:40:22.959 [main] INFO  org.springframework.boot.test.context.SpringBootTestContextBootstrapper - Neither @ContextConfiguration nor @ContextHierarchy found for test class [com.demo.mybatisplus.MpTest], using SpringBootContextLoader
15:40:22.964 [main] INFO  org.springframework.test.context.support.AbstractContextLoader - Could not detect default resource locations for test class [com.demo.mybatisplus.MpTest]: no resource found for suffixes {-context.xml, Context.groovy}.
15:40:23.099 [main] INFO  org.springframework.boot.test.context.SpringBootTestContextBootstrapper - Loaded default TestExecutionListener class names from location [META-INF/spring.factories]: [org.springframework.boot.test.mock.mockito.MockitoTestExecutionListener, org.springframework.boot.test.mock.mockito.ResetMocksTestExecutionListener, org.springframework.boot.test.autoconfigure.restdocs.RestDocsTestExecutionListener, org.springframework.boot.test.autoconfigure.web.client.MockRestServiceServerResetTestExecutionListener, org.springframework.boot.test.autoconfigure.web.servlet.MockMvcPrintOnlyOnFailureTestExecutionListener, org.springframework.boot.test.autoconfigure.web.servlet.WebDriverTestExecutionListener, org.springframework.boot.test.autoconfigure.webservices.client.MockWebServiceServerTestExecutionListener, org.springframework.test.context.web.ServletTestExecutionListener, org.springframework.test.context.support.DirtiesContextBeforeModesTestExecutionListener, org.springframework.test.context.event.ApplicationEventsTestExecutionListener, org.springframework.test.context.support.DependencyInjectionTestExecutionListener, org.springframework.test.context.support.DirtiesContextTestExecutionListener, org.springframework.test.context.transaction.TransactionalTestExecutionListener, org.springframework.test.context.jdbc.SqlScriptsTestExecutionListener, org.springframework.test.context.event.EventPublishingTestExecutionListener]
15:40:23.111 [main] INFO  org.springframework.boot.test.context.SpringBootTestContextBootstrapper - Using TestExecutionListeners: [org.springframework.test.context.support.DirtiesContextBeforeModesTestExecutionListener@2bdd8394, org.springframework.test.context.event.ApplicationEventsTestExecutionListener@5f9edf14, org.springframework.boot.test.mock.mockito.MockitoTestExecutionListener@68746f22, org.springframework.boot.test.autoconfigure.SpringBootDependencyInjectionTestExecutionListener@2f01783a, org.springframework.test.context.support.DirtiesContextTestExecutionListener@68878f6d, org.springframework.test.context.transaction.TransactionalTestExecutionListener@41488b16, org.springframework.test.context.jdbc.SqlScriptsTestExecutionListener@a8ef162, org.springframework.test.context.event.EventPublishingTestExecutionListener@2eea88a1, org.springframework.boot.test.mock.mockito.ResetMocksTestExecutionListener@7ac296f6, org.springframework.boot.test.autoconfigure.restdocs.RestDocsTestExecutionListener@7fd7a283, org.springframework.boot.test.autoconfigure.web.client.MockRestServiceServerResetTestExecutionListener@22f59fa, org.springframework.boot.test.autoconfigure.web.servlet.MockMvcPrintOnlyOnFailureTestExecutionListener@78fa769e, org.springframework.boot.test.autoconfigure.web.servlet.WebDriverTestExecutionListener@16612a51, org.springframework.boot.test.autoconfigure.webservices.client.MockWebServiceServerTestExecutionListener@54e041a4]
15:40:23.395 [main] INFO  com.demo.mybatisplus.MpTest - Starting MpTest using Java 1.8.0_261 on DESKTOP-OG4OIQJ with PID 15008 (started by dell in C:\IdeaProjects\demo)
15:40:23.396 [main] INFO  com.demo.mybatisplus.MpTest - The following profiles are active: local
15:40:23.869 [main] INFO  com.alibaba.druid.spring.boot.autoconfigure.DruidDataSourceAutoConfigure - Init DruidDataSource
15:40:23.976 [main] INFO  com.alibaba.druid.pool.DruidDataSource - {dataSource-1} inited
15:40:24.594 [main] INFO  com.demo.mybatisplus.MpTest - Started MpTest in 1.445 seconds (JVM running for 2.314)
15:40:24.778 [SpringApplicationShutdownHook] INFO  com.alibaba.druid.pool.DruidDataSource - {dataSource-1} closing ...
15:40:24.779 [SpringApplicationShutdownHook] INFO  com.alibaba.druid.pool.DruidDataSource - {dataSource-1} closed
15:41:13.943 [main] INFO  org.springframework.boot.test.context.SpringBootTestContextBootstrapper - Neither @ContextConfiguration nor @ContextHierarchy found for test class [com.demo.mybatisplus.MpTest], using SpringBootContextLoader
15:41:13.947 [main] INFO  org.springframework.test.context.support.AbstractContextLoader - Could not detect default resource locations for test class [com.demo.mybatisplus.MpTest]: no resource found for suffixes {-context.xml, Context.groovy}.
15:41:14.068 [main] INFO  org.springframework.boot.test.context.SpringBootTestContextBootstrapper - Loaded default TestExecutionListener class names from location [META-INF/spring.factories]: [org.springframework.boot.test.mock.mockito.MockitoTestExecutionListener, org.springframework.boot.test.mock.mockito.ResetMocksTestExecutionListener, org.springframework.boot.test.autoconfigure.restdocs.RestDocsTestExecutionListener, org.springframework.boot.test.autoconfigure.web.client.MockRestServiceServerResetTestExecutionListener, org.springframework.boot.test.autoconfigure.web.servlet.MockMvcPrintOnlyOnFailureTestExecutionListener, org.springframework.boot.test.autoconfigure.web.servlet.WebDriverTestExecutionListener, org.springframework.boot.test.autoconfigure.webservices.client.MockWebServiceServerTestExecutionListener, org.springframework.test.context.web.ServletTestExecutionListener, org.springframework.test.context.support.DirtiesContextBeforeModesTestExecutionListener, org.springframework.test.context.event.ApplicationEventsTestExecutionListener, org.springframework.test.context.support.DependencyInjectionTestExecutionListener, org.springframework.test.context.support.DirtiesContextTestExecutionListener, org.springframework.test.context.transaction.TransactionalTestExecutionListener, org.springframework.test.context.jdbc.SqlScriptsTestExecutionListener, org.springframework.test.context.event.EventPublishingTestExecutionListener]
15:41:14.082 [main] INFO  org.springframework.boot.test.context.SpringBootTestContextBootstrapper - Using TestExecutionListeners: [org.springframework.test.context.support.DirtiesContextBeforeModesTestExecutionListener@2bdd8394, org.springframework.test.context.event.ApplicationEventsTestExecutionListener@5f9edf14, org.springframework.boot.test.mock.mockito.MockitoTestExecutionListener@68746f22, org.springframework.boot.test.autoconfigure.SpringBootDependencyInjectionTestExecutionListener@2f01783a, org.springframework.test.context.support.DirtiesContextTestExecutionListener@68878f6d, org.springframework.test.context.transaction.TransactionalTestExecutionListener@41488b16, org.springframework.test.context.jdbc.SqlScriptsTestExecutionListener@a8ef162, org.springframework.test.context.event.EventPublishingTestExecutionListener@2eea88a1, org.springframework.boot.test.mock.mockito.ResetMocksTestExecutionListener@7ac296f6, org.springframework.boot.test.autoconfigure.restdocs.RestDocsTestExecutionListener@7fd7a283, org.springframework.boot.test.autoconfigure.web.client.MockRestServiceServerResetTestExecutionListener@22f59fa, org.springframework.boot.test.autoconfigure.web.servlet.MockMvcPrintOnlyOnFailureTestExecutionListener@78fa769e, org.springframework.boot.test.autoconfigure.web.servlet.WebDriverTestExecutionListener@16612a51, org.springframework.boot.test.autoconfigure.webservices.client.MockWebServiceServerTestExecutionListener@54e041a4]
15:41:14.372 [main] INFO  com.demo.mybatisplus.MpTest - Starting MpTest using Java 1.8.0_261 on DESKTOP-OG4OIQJ with PID 9428 (started by dell in C:\IdeaProjects\demo)
15:41:14.373 [main] INFO  com.demo.mybatisplus.MpTest - The following profiles are active: local
15:41:14.916 [main] INFO  com.alibaba.druid.spring.boot.autoconfigure.DruidDataSourceAutoConfigure - Init DruidDataSource
15:41:15.019 [main] INFO  com.alibaba.druid.pool.DruidDataSource - {dataSource-1} inited
15:41:15.671 [main] INFO  com.demo.mybatisplus.MpTest - Started MpTest in 1.55 seconds (JVM running for 2.449)
15:41:15.871 [SpringApplicationShutdownHook] INFO  com.alibaba.druid.pool.DruidDataSource - {dataSource-1} closing ...
15:41:15.872 [SpringApplicationShutdownHook] INFO  com.alibaba.druid.pool.DruidDataSource - {dataSource-1} closed
15:45:09.183 [main] INFO  org.springframework.boot.test.context.SpringBootTestContextBootstrapper - Neither @ContextConfiguration nor @ContextHierarchy found for test class [com.demo.mybatisplus.MpTest], using SpringBootContextLoader
15:45:09.188 [main] INFO  org.springframework.test.context.support.AbstractContextLoader - Could not detect default resource locations for test class [com.demo.mybatisplus.MpTest]: no resource found for suffixes {-context.xml, Context.groovy}.
15:45:09.324 [main] INFO  org.springframework.boot.test.context.SpringBootTestContextBootstrapper - Loaded default TestExecutionListener class names from location [META-INF/spring.factories]: [org.springframework.boot.test.mock.mockito.MockitoTestExecutionListener, org.springframework.boot.test.mock.mockito.ResetMocksTestExecutionListener, org.springframework.boot.test.autoconfigure.restdocs.RestDocsTestExecutionListener, org.springframework.boot.test.autoconfigure.web.client.MockRestServiceServerResetTestExecutionListener, org.springframework.boot.test.autoconfigure.web.servlet.MockMvcPrintOnlyOnFailureTestExecutionListener, org.springframework.boot.test.autoconfigure.web.servlet.WebDriverTestExecutionListener, org.springframework.boot.test.autoconfigure.webservices.client.MockWebServiceServerTestExecutionListener, org.springframework.test.context.web.ServletTestExecutionListener, org.springframework.test.context.support.DirtiesContextBeforeModesTestExecutionListener, org.springframework.test.context.event.ApplicationEventsTestExecutionListener, org.springframework.test.context.support.DependencyInjectionTestExecutionListener, org.springframework.test.context.support.DirtiesContextTestExecutionListener, org.springframework.test.context.transaction.TransactionalTestExecutionListener, org.springframework.test.context.jdbc.SqlScriptsTestExecutionListener, org.springframework.test.context.event.EventPublishingTestExecutionListener]
15:45:09.336 [main] INFO  org.springframework.boot.test.context.SpringBootTestContextBootstrapper - Using TestExecutionListeners: [org.springframework.test.context.support.DirtiesContextBeforeModesTestExecutionListener@2bdd8394, org.springframework.test.context.event.ApplicationEventsTestExecutionListener@5f9edf14, org.springframework.boot.test.mock.mockito.MockitoTestExecutionListener@68746f22, org.springframework.boot.test.autoconfigure.SpringBootDependencyInjectionTestExecutionListener@2f01783a, org.springframework.test.context.support.DirtiesContextTestExecutionListener@68878f6d, org.springframework.test.context.transaction.TransactionalTestExecutionListener@41488b16, org.springframework.test.context.jdbc.SqlScriptsTestExecutionListener@a8ef162, org.springframework.test.context.event.EventPublishingTestExecutionListener@2eea88a1, org.springframework.boot.test.mock.mockito.ResetMocksTestExecutionListener@7ac296f6, org.springframework.boot.test.autoconfigure.restdocs.RestDocsTestExecutionListener@7fd7a283, org.springframework.boot.test.autoconfigure.web.client.MockRestServiceServerResetTestExecutionListener@22f59fa, org.springframework.boot.test.autoconfigure.web.servlet.MockMvcPrintOnlyOnFailureTestExecutionListener@78fa769e, org.springframework.boot.test.autoconfigure.web.servlet.WebDriverTestExecutionListener@16612a51, org.springframework.boot.test.autoconfigure.webservices.client.MockWebServiceServerTestExecutionListener@54e041a4]
15:45:09.621 [main] INFO  com.demo.mybatisplus.MpTest - Starting MpTest using Java 1.8.0_261 on DESKTOP-OG4OIQJ with PID 21744 (started by dell in C:\IdeaProjects\demo)
15:45:09.621 [main] INFO  com.demo.mybatisplus.MpTest - The following profiles are active: local
15:45:10.096 [main] INFO  com.alibaba.druid.spring.boot.autoconfigure.DruidDataSourceAutoConfigure - Init DruidDataSource
15:45:10.201 [main] INFO  com.alibaba.druid.pool.DruidDataSource - {dataSource-1} inited
15:45:10.829 [main] INFO  com.demo.mybatisplus.MpTest - Started MpTest in 1.454 seconds (JVM running for 2.334)
15:45:11.196 [SpringApplicationShutdownHook] INFO  com.alibaba.druid.pool.DruidDataSource - {dataSource-1} closing ...
15:45:11.202 [SpringApplicationShutdownHook] INFO  com.alibaba.druid.pool.DruidDataSource - {dataSource-1} closed
15:45:54.010 [main] INFO  org.springframework.boot.test.context.SpringBootTestContextBootstrapper - Neither @ContextConfiguration nor @ContextHierarchy found for test class [com.demo.mybatisplus.MpTest], using SpringBootContextLoader
15:45:54.014 [main] INFO  org.springframework.test.context.support.AbstractContextLoader - Could not detect default resource locations for test class [com.demo.mybatisplus.MpTest]: no resource found for suffixes {-context.xml, Context.groovy}.
15:45:54.147 [main] INFO  org.springframework.boot.test.context.SpringBootTestContextBootstrapper - Loaded default TestExecutionListener class names from location [META-INF/spring.factories]: [org.springframework.boot.test.mock.mockito.MockitoTestExecutionListener, org.springframework.boot.test.mock.mockito.ResetMocksTestExecutionListener, org.springframework.boot.test.autoconfigure.restdocs.RestDocsTestExecutionListener, org.springframework.boot.test.autoconfigure.web.client.MockRestServiceServerResetTestExecutionListener, org.springframework.boot.test.autoconfigure.web.servlet.MockMvcPrintOnlyOnFailureTestExecutionListener, org.springframework.boot.test.autoconfigure.web.servlet.WebDriverTestExecutionListener, org.springframework.boot.test.autoconfigure.webservices.client.MockWebServiceServerTestExecutionListener, org.springframework.test.context.web.ServletTestExecutionListener, org.springframework.test.context.support.DirtiesContextBeforeModesTestExecutionListener, org.springframework.test.context.event.ApplicationEventsTestExecutionListener, org.springframework.test.context.support.DependencyInjectionTestExecutionListener, org.springframework.test.context.support.DirtiesContextTestExecutionListener, org.springframework.test.context.transaction.TransactionalTestExecutionListener, org.springframework.test.context.jdbc.SqlScriptsTestExecutionListener, org.springframework.test.context.event.EventPublishingTestExecutionListener]
15:45:54.159 [main] INFO  org.springframework.boot.test.context.SpringBootTestContextBootstrapper - Using TestExecutionListeners: [org.springframework.test.context.support.DirtiesContextBeforeModesTestExecutionListener@2bdd8394, org.springframework.test.context.event.ApplicationEventsTestExecutionListener@5f9edf14, org.springframework.boot.test.mock.mockito.MockitoTestExecutionListener@68746f22, org.springframework.boot.test.autoconfigure.SpringBootDependencyInjectionTestExecutionListener@2f01783a, org.springframework.test.context.support.DirtiesContextTestExecutionListener@68878f6d, org.springframework.test.context.transaction.TransactionalTestExecutionListener@41488b16, org.springframework.test.context.jdbc.SqlScriptsTestExecutionListener@a8ef162, org.springframework.test.context.event.EventPublishingTestExecutionListener@2eea88a1, org.springframework.boot.test.mock.mockito.ResetMocksTestExecutionListener@7ac296f6, org.springframework.boot.test.autoconfigure.restdocs.RestDocsTestExecutionListener@7fd7a283, org.springframework.boot.test.autoconfigure.web.client.MockRestServiceServerResetTestExecutionListener@22f59fa, org.springframework.boot.test.autoconfigure.web.servlet.MockMvcPrintOnlyOnFailureTestExecutionListener@78fa769e, org.springframework.boot.test.autoconfigure.web.servlet.WebDriverTestExecutionListener@16612a51, org.springframework.boot.test.autoconfigure.webservices.client.MockWebServiceServerTestExecutionListener@54e041a4]
15:45:54.447 [main] INFO  com.demo.mybatisplus.MpTest - Starting MpTest using Java 1.8.0_261 on DESKTOP-OG4OIQJ with PID 16544 (started by dell in C:\IdeaProjects\demo)
15:45:54.447 [main] INFO  com.demo.mybatisplus.MpTest - The following profiles are active: local
15:45:54.934 [main] INFO  com.alibaba.druid.spring.boot.autoconfigure.DruidDataSourceAutoConfigure - Init DruidDataSource
15:45:55.039 [main] INFO  com.alibaba.druid.pool.DruidDataSource - {dataSource-1} inited
15:45:55.656 [main] INFO  com.demo.mybatisplus.MpTest - Started MpTest in 1.457 seconds (JVM running for 2.34)
15:45:55.896 [SpringApplicationShutdownHook] INFO  com.alibaba.druid.pool.DruidDataSource - {dataSource-1} closing ...
15:45:55.897 [SpringApplicationShutdownHook] INFO  com.alibaba.druid.pool.DruidDataSource - {dataSource-1} closed
15:46:18.925 [main] INFO  org.springframework.boot.test.context.SpringBootTestContextBootstrapper - Neither @ContextConfiguration nor @ContextHierarchy found for test class [com.demo.mybatisplus.MpTest], using SpringBootContextLoader
15:46:18.930 [main] INFO  org.springframework.test.context.support.AbstractContextLoader - Could not detect default resource locations for test class [com.demo.mybatisplus.MpTest]: no resource found for suffixes {-context.xml, Context.groovy}.
15:46:19.064 [main] INFO  org.springframework.boot.test.context.SpringBootTestContextBootstrapper - Loaded default TestExecutionListener class names from location [META-INF/spring.factories]: [org.springframework.boot.test.mock.mockito.MockitoTestExecutionListener, org.springframework.boot.test.mock.mockito.ResetMocksTestExecutionListener, org.springframework.boot.test.autoconfigure.restdocs.RestDocsTestExecutionListener, org.springframework.boot.test.autoconfigure.web.client.MockRestServiceServerResetTestExecutionListener, org.springframework.boot.test.autoconfigure.web.servlet.MockMvcPrintOnlyOnFailureTestExecutionListener, org.springframework.boot.test.autoconfigure.web.servlet.WebDriverTestExecutionListener, org.springframework.boot.test.autoconfigure.webservices.client.MockWebServiceServerTestExecutionListener, org.springframework.test.context.web.ServletTestExecutionListener, org.springframework.test.context.support.DirtiesContextBeforeModesTestExecutionListener, org.springframework.test.context.event.ApplicationEventsTestExecutionListener, org.springframework.test.context.support.DependencyInjectionTestExecutionListener, org.springframework.test.context.support.DirtiesContextTestExecutionListener, org.springframework.test.context.transaction.TransactionalTestExecutionListener, org.springframework.test.context.jdbc.SqlScriptsTestExecutionListener, org.springframework.test.context.event.EventPublishingTestExecutionListener]
15:46:19.077 [main] INFO  org.springframework.boot.test.context.SpringBootTestContextBootstrapper - Using TestExecutionListeners: [org.springframework.test.context.support.DirtiesContextBeforeModesTestExecutionListener@2bdd8394, org.springframework.test.context.event.ApplicationEventsTestExecutionListener@5f9edf14, org.springframework.boot.test.mock.mockito.MockitoTestExecutionListener@68746f22, org.springframework.boot.test.autoconfigure.SpringBootDependencyInjectionTestExecutionListener@2f01783a, org.springframework.test.context.support.DirtiesContextTestExecutionListener@68878f6d, org.springframework.test.context.transaction.TransactionalTestExecutionListener@41488b16, org.springframework.test.context.jdbc.SqlScriptsTestExecutionListener@a8ef162, org.springframework.test.context.event.EventPublishingTestExecutionListener@2eea88a1, org.springframework.boot.test.mock.mockito.ResetMocksTestExecutionListener@7ac296f6, org.springframework.boot.test.autoconfigure.restdocs.RestDocsTestExecutionListener@7fd7a283, org.springframework.boot.test.autoconfigure.web.client.MockRestServiceServerResetTestExecutionListener@22f59fa, org.springframework.boot.test.autoconfigure.web.servlet.MockMvcPrintOnlyOnFailureTestExecutionListener@78fa769e, org.springframework.boot.test.autoconfigure.web.servlet.WebDriverTestExecutionListener@16612a51, org.springframework.boot.test.autoconfigure.webservices.client.MockWebServiceServerTestExecutionListener@54e041a4]
15:46:19.374 [main] INFO  com.demo.mybatisplus.MpTest - Starting MpTest using Java 1.8.0_261 on DESKTOP-OG4OIQJ with PID 2360 (started by dell in C:\IdeaProjects\demo)
15:46:19.374 [main] INFO  com.demo.mybatisplus.MpTest - The following profiles are active: local
15:46:19.900 [main] INFO  com.alibaba.druid.spring.boot.autoconfigure.DruidDataSourceAutoConfigure - Init DruidDataSource
15:46:20.003 [main] INFO  com.alibaba.druid.pool.DruidDataSource - {dataSource-1} inited
15:46:20.648 [main] INFO  com.demo.mybatisplus.MpTest - Started MpTest in 1.534 seconds (JVM running for 2.41)
15:46:21.020 [SpringApplicationShutdownHook] INFO  com.alibaba.druid.pool.DruidDataSource - {dataSource-1} closing ...
15:46:21.027 [SpringApplicationShutdownHook] INFO  com.alibaba.druid.pool.DruidDataSource - {dataSource-1} closed
16:00:23.345 [main] WARN  org.apache.velocity.deprecation - configuration key 'file.resource.loader.unicode' has been deprecated in favor of 'resource.loader.file.unicode'
16:00:23.348 [main] WARN  org.apache.velocity.deprecation - configuration key 'file.resource.loader.class' has been deprecated in favor of 'resource.loader.file.class'
16:00:23.401 [main] ERROR org.apache.velocity.parser - /templates/mapper.xml.ftl: Encountered "enableCache" at line 5, column 6.
Was expecting one of:
    "(" ...
    <WHITESPACE> ...
    <NEWLINE> ...
    
16:00:23.402 [main] ERROR org.apache.velocity.loader - ResourceManager: parse exception: Encountered "enableCache" at /templates/mapper.xml.ftl[line 5, column 6]
Was expecting one of:
    "(" ...
    <WHITESPACE> ...
    <NEWLINE> ...
    
16:00:23.402 [main] ERROR com.baomidou.mybatisplus.generator.engine.AbstractTemplateEngine - 
org.apache.velocity.exception.ParseErrorException: Encountered "enableCache" at /templates/mapper.xml.ftl[line 5, column 6]
Was expecting one of:
    "(" ...
    <WHITESPACE> ...
    <NEWLINE> ...
    
	at org.apache.velocity.Template.process(Template.java:154) ~[velocity-engine-core-2.3.jar:2.3]
	at org.apache.velocity.runtime.resource.ResourceManagerImpl.loadResource(ResourceManagerImpl.java:429) ~[velocity-engine-core-2.3.jar:2.3]
	at org.apache.velocity.runtime.resource.ResourceManagerImpl.getResource(ResourceManagerImpl.java:346) ~[velocity-engine-core-2.3.jar:2.3]
	at org.apache.velocity.runtime.RuntimeInstance.getTemplate(RuntimeInstance.java:1677) ~[velocity-engine-core-2.3.jar:2.3]
	at org.apache.velocity.app.VelocityEngine.getTemplate(VelocityEngine.java:333) ~[velocity-engine-core-2.3.jar:2.3]
	at com.baomidou.mybatisplus.generator.engine.VelocityTemplateEngine.writer(VelocityTemplateEngine.java:61) ~[mybatis-plus-generator-3.4.1.jar:3.4.1]
	at com.baomidou.mybatisplus.generator.engine.AbstractTemplateEngine.writerFile(AbstractTemplateEngine.java:137) ~[mybatis-plus-generator-3.4.1.jar:3.4.1]
	at com.baomidou.mybatisplus.generator.engine.AbstractTemplateEngine.batchOutput(AbstractTemplateEngine.java:81) [mybatis-plus-generator-3.4.1.jar:3.4.1]
	at com.baomidou.mybatisplus.generator.AutoGenerator.execute(AutoGenerator.java:106) [mybatis-plus-generator-3.4.1.jar:3.4.1]
	at com.demo.mybatisplus.CodeGenerator.main(CodeGenerator.java:128) [classes/:?]
16:06:18.173 [main] WARN  org.apache.velocity.deprecation - configuration key 'file.resource.loader.unicode' has been deprecated in favor of 'resource.loader.file.unicode'
16:06:18.175 [main] WARN  org.apache.velocity.deprecation - configuration key 'file.resource.loader.class' has been deprecated in favor of 'resource.loader.file.class'
16:06:18.230 [main] ERROR org.apache.velocity.parser - /templates/mapper.xml.ftl: Encountered "enableCache" at line 5, column 6.
Was expecting one of:
    "(" ...
    <WHITESPACE> ...
    <NEWLINE> ...
    
16:06:18.231 [main] ERROR org.apache.velocity.loader - ResourceManager: parse exception: Encountered "enableCache" at /templates/mapper.xml.ftl[line 5, column 6]
Was expecting one of:
    "(" ...
    <WHITESPACE> ...
    <NEWLINE> ...
    
16:06:18.232 [main] ERROR com.baomidou.mybatisplus.generator.engine.AbstractTemplateEngine - 
org.apache.velocity.exception.ParseErrorException: Encountered "enableCache" at /templates/mapper.xml.ftl[line 5, column 6]
Was expecting one of:
    "(" ...
    <WHITESPACE> ...
    <NEWLINE> ...
    
	at org.apache.velocity.Template.process(Template.java:154) ~[velocity-engine-core-2.3.jar:2.3]
	at org.apache.velocity.runtime.resource.ResourceManagerImpl.loadResource(ResourceManagerImpl.java:429) ~[velocity-engine-core-2.3.jar:2.3]
	at org.apache.velocity.runtime.resource.ResourceManagerImpl.getResource(ResourceManagerImpl.java:346) ~[velocity-engine-core-2.3.jar:2.3]
	at org.apache.velocity.runtime.RuntimeInstance.getTemplate(RuntimeInstance.java:1677) ~[velocity-engine-core-2.3.jar:2.3]
	at org.apache.velocity.app.VelocityEngine.getTemplate(VelocityEngine.java:333) ~[velocity-engine-core-2.3.jar:2.3]
	at com.baomidou.mybatisplus.generator.engine.VelocityTemplateEngine.writer(VelocityTemplateEngine.java:61) ~[mybatis-plus-generator-3.4.1.jar:3.4.1]
	at com.baomidou.mybatisplus.generator.engine.AbstractTemplateEngine.writerFile(AbstractTemplateEngine.java:137) ~[mybatis-plus-generator-3.4.1.jar:3.4.1]
	at com.baomidou.mybatisplus.generator.engine.AbstractTemplateEngine.batchOutput(AbstractTemplateEngine.java:81) [mybatis-plus-generator-3.4.1.jar:3.4.1]
	at com.baomidou.mybatisplus.generator.AutoGenerator.execute(AutoGenerator.java:106) [mybatis-plus-generator-3.4.1.jar:3.4.1]
	at com.demo.mybatisplus.CodeGenerator.main(CodeGenerator.java:128) [classes/:?]
16:06:26.704 [main] WARN  org.apache.velocity.deprecation - configuration key 'file.resource.loader.unicode' has been deprecated in favor of 'resource.loader.file.unicode'
16:06:26.707 [main] WARN  org.apache.velocity.deprecation - configuration key 'file.resource.loader.class' has been deprecated in favor of 'resource.loader.file.class'
16:06:50.259 [main] ERROR org.apache.velocity.parser - /templates/mapper.xml.ftl: Encountered "enableCache" at line 5, column 6.
Was expecting one of:
    "(" ...
    <WHITESPACE> ...
    <NEWLINE> ...
    
16:06:50.262 [main] ERROR org.apache.velocity.loader - ResourceManager: parse exception: Encountered "enableCache" at /templates/mapper.xml.ftl[line 5, column 6]
Was expecting one of:
    "(" ...
    <WHITESPACE> ...
    <NEWLINE> ...
    
16:07:01.382 [main] ERROR com.baomidou.mybatisplus.generator.engine.AbstractTemplateEngine - 
org.apache.velocity.exception.ParseErrorException: Encountered "enableCache" at /templates/mapper.xml.ftl[line 5, column 6]
Was expecting one of:
    "(" ...
    <WHITESPACE> ...
    <NEWLINE> ...
    
	at org.apache.velocity.Template.process(Template.java:154) ~[velocity-engine-core-2.3.jar:2.3]
	at org.apache.velocity.runtime.resource.ResourceManagerImpl.loadResource(ResourceManagerImpl.java:429) ~[velocity-engine-core-2.3.jar:2.3]
	at org.apache.velocity.runtime.resource.ResourceManagerImpl.getResource(ResourceManagerImpl.java:346) ~[velocity-engine-core-2.3.jar:2.3]
	at org.apache.velocity.runtime.RuntimeInstance.getTemplate(RuntimeInstance.java:1677) ~[velocity-engine-core-2.3.jar:2.3]
	at org.apache.velocity.app.VelocityEngine.getTemplate(VelocityEngine.java:333) ~[velocity-engine-core-2.3.jar:2.3]
	at com.baomidou.mybatisplus.generator.engine.VelocityTemplateEngine.writer(VelocityTemplateEngine.java:61) ~[mybatis-plus-generator-3.4.1.jar:3.4.1]
	at com.baomidou.mybatisplus.generator.engine.AbstractTemplateEngine.writerFile(AbstractTemplateEngine.java:137) ~[mybatis-plus-generator-3.4.1.jar:3.4.1]
	at com.baomidou.mybatisplus.generator.engine.AbstractTemplateEngine.batchOutput(AbstractTemplateEngine.java:81) [mybatis-plus-generator-3.4.1.jar:3.4.1]
	at com.baomidou.mybatisplus.generator.AutoGenerator.execute(AutoGenerator.java:106) [mybatis-plus-generator-3.4.1.jar:3.4.1]
	at com.demo.mybatisplus.CodeGenerator.main(CodeGenerator.java:128) [classes/:?]
16:08:37.328 [main] WARN  org.apache.velocity.deprecation - configuration key 'file.resource.loader.unicode' has been deprecated in favor of 'resource.loader.file.unicode'
16:08:37.330 [main] WARN  org.apache.velocity.deprecation - configuration key 'file.resource.loader.class' has been deprecated in favor of 'resource.loader.file.class'
16:10:21.141 [main] WARN  org.apache.velocity.deprecation - configuration key 'file.resource.loader.unicode' has been deprecated in favor of 'resource.loader.file.unicode'
16:10:21.143 [main] WARN  org.apache.velocity.deprecation - configuration key 'file.resource.loader.class' has been deprecated in favor of 'resource.loader.file.class'
16:10:21.193 [main] ERROR org.apache.velocity.parser - /templates/mapper.xml.ftl: Encountered "enableCache" at line 5, column 6.
Was expecting one of:
    "(" ...
    <WHITESPACE> ...
    <NEWLINE> ...
    
16:10:21.194 [main] ERROR org.apache.velocity.loader - ResourceManager: parse exception: Encountered "enableCache" at /templates/mapper.xml.ftl[line 5, column 6]
Was expecting one of:
    "(" ...
    <WHITESPACE> ...
    <NEWLINE> ...
    
16:10:21.195 [main] ERROR com.baomidou.mybatisplus.generator.engine.AbstractTemplateEngine - 
org.apache.velocity.exception.ParseErrorException: Encountered "enableCache" at /templates/mapper.xml.ftl[line 5, column 6]
Was expecting one of:
    "(" ...
    <WHITESPACE> ...
    <NEWLINE> ...
    
	at org.apache.velocity.Template.process(Template.java:154) ~[velocity-engine-core-2.3.jar:2.3]
	at org.apache.velocity.runtime.resource.ResourceManagerImpl.loadResource(ResourceManagerImpl.java:429) ~[velocity-engine-core-2.3.jar:2.3]
	at org.apache.velocity.runtime.resource.ResourceManagerImpl.getResource(ResourceManagerImpl.java:346) ~[velocity-engine-core-2.3.jar:2.3]
	at org.apache.velocity.runtime.RuntimeInstance.getTemplate(RuntimeInstance.java:1677) ~[velocity-engine-core-2.3.jar:2.3]
	at org.apache.velocity.app.VelocityEngine.getTemplate(VelocityEngine.java:333) ~[velocity-engine-core-2.3.jar:2.3]
	at com.baomidou.mybatisplus.generator.engine.VelocityTemplateEngine.writer(VelocityTemplateEngine.java:61) ~[mybatis-plus-generator-3.4.1.jar:3.4.1]
	at com.baomidou.mybatisplus.generator.engine.AbstractTemplateEngine.writerFile(AbstractTemplateEngine.java:137) ~[mybatis-plus-generator-3.4.1.jar:3.4.1]
	at com.baomidou.mybatisplus.generator.engine.AbstractTemplateEngine.batchOutput(AbstractTemplateEngine.java:81) [mybatis-plus-generator-3.4.1.jar:3.4.1]
	at com.baomidou.mybatisplus.generator.AutoGenerator.execute(AutoGenerator.java:106) [mybatis-plus-generator-3.4.1.jar:3.4.1]
	at com.demo.mybatisplus.CodeGenerator.main(CodeGenerator.java:128) [classes/:?]
16:10:46.393 [main] WARN  org.apache.velocity.deprecation - configuration key 'file.resource.loader.unicode' has been deprecated in favor of 'resource.loader.file.unicode'
16:10:46.395 [main] WARN  org.apache.velocity.deprecation - configuration key 'file.resource.loader.class' has been deprecated in favor of 'resource.loader.file.class'
16:10:46.448 [main] ERROR org.apache.velocity.parser - /templates/mapper.xml.ftl: Encountered "enableCache" at line 5, column 6.
Was expecting one of:
    "(" ...
    <WHITESPACE> ...
    <NEWLINE> ...
    
16:10:46.449 [main] ERROR org.apache.velocity.loader - ResourceManager: parse exception: Encountered "enableCache" at /templates/mapper.xml.ftl[line 5, column 6]
Was expecting one of:
    "(" ...
    <WHITESPACE> ...
    <NEWLINE> ...
    
16:10:46.450 [main] ERROR com.baomidou.mybatisplus.generator.engine.AbstractTemplateEngine - 
org.apache.velocity.exception.ParseErrorException: Encountered "enableCache" at /templates/mapper.xml.ftl[line 5, column 6]
Was expecting one of:
    "(" ...
    <WHITESPACE> ...
    <NEWLINE> ...
    
	at org.apache.velocity.Template.process(Template.java:154) ~[velocity-engine-core-2.3.jar:2.3]
	at org.apache.velocity.runtime.resource.ResourceManagerImpl.loadResource(ResourceManagerImpl.java:429) ~[velocity-engine-core-2.3.jar:2.3]
	at org.apache.velocity.runtime.resource.ResourceManagerImpl.getResource(ResourceManagerImpl.java:346) ~[velocity-engine-core-2.3.jar:2.3]
	at org.apache.velocity.runtime.RuntimeInstance.getTemplate(RuntimeInstance.java:1677) ~[velocity-engine-core-2.3.jar:2.3]
	at org.apache.velocity.app.VelocityEngine.getTemplate(VelocityEngine.java:333) ~[velocity-engine-core-2.3.jar:2.3]
	at com.baomidou.mybatisplus.generator.engine.VelocityTemplateEngine.writer(VelocityTemplateEngine.java:61) ~[mybatis-plus-generator-3.4.1.jar:3.4.1]
	at com.baomidou.mybatisplus.generator.engine.AbstractTemplateEngine.writerFile(AbstractTemplateEngine.java:137) ~[mybatis-plus-generator-3.4.1.jar:3.4.1]
	at com.baomidou.mybatisplus.generator.engine.AbstractTemplateEngine.batchOutput(AbstractTemplateEngine.java:81) [mybatis-plus-generator-3.4.1.jar:3.4.1]
	at com.baomidou.mybatisplus.generator.AutoGenerator.execute(AutoGenerator.java:106) [mybatis-plus-generator-3.4.1.jar:3.4.1]
	at com.demo.mybatisplus.CodeGenerator.main(CodeGenerator.java:128) [classes/:?]
16:11:26.033 [main] WARN  org.apache.velocity.deprecation - configuration key 'file.resource.loader.unicode' has been deprecated in favor of 'resource.loader.file.unicode'
16:11:26.036 [main] WARN  org.apache.velocity.deprecation - configuration key 'file.resource.loader.class' has been deprecated in favor of 'resource.loader.file.class'
16:11:26.088 [main] ERROR org.apache.velocity.parser - /templates/mapper.xml.ftl: Encountered "enableCache" at line 5, column 6.
Was expecting one of:
    "(" ...
    <WHITESPACE> ...
    <NEWLINE> ...
    
16:11:26.089 [main] ERROR org.apache.velocity.loader - ResourceManager: parse exception: Encountered "enableCache" at /templates/mapper.xml.ftl[line 5, column 6]
Was expecting one of:
    "(" ...
    <WHITESPACE> ...
    <NEWLINE> ...
    
16:11:26.089 [main] ERROR com.baomidou.mybatisplus.generator.engine.AbstractTemplateEngine - 
org.apache.velocity.exception.ParseErrorException: Encountered "enableCache" at /templates/mapper.xml.ftl[line 5, column 6]
Was expecting one of:
    "(" ...
    <WHITESPACE> ...
    <NEWLINE> ...
    
	at org.apache.velocity.Template.process(Template.java:154) ~[velocity-engine-core-2.3.jar:2.3]
	at org.apache.velocity.runtime.resource.ResourceManagerImpl.loadResource(ResourceManagerImpl.java:429) ~[velocity-engine-core-2.3.jar:2.3]
	at org.apache.velocity.runtime.resource.ResourceManagerImpl.getResource(ResourceManagerImpl.java:346) ~[velocity-engine-core-2.3.jar:2.3]
	at org.apache.velocity.runtime.RuntimeInstance.getTemplate(RuntimeInstance.java:1677) ~[velocity-engine-core-2.3.jar:2.3]
	at org.apache.velocity.app.VelocityEngine.getTemplate(VelocityEngine.java:333) ~[velocity-engine-core-2.3.jar:2.3]
	at com.baomidou.mybatisplus.generator.engine.VelocityTemplateEngine.writer(VelocityTemplateEngine.java:61) ~[mybatis-plus-generator-3.4.1.jar:3.4.1]
	at com.baomidou.mybatisplus.generator.engine.AbstractTemplateEngine.writerFile(AbstractTemplateEngine.java:137) ~[mybatis-plus-generator-3.4.1.jar:3.4.1]
	at com.baomidou.mybatisplus.generator.engine.AbstractTemplateEngine.batchOutput(AbstractTemplateEngine.java:81) [mybatis-plus-generator-3.4.1.jar:3.4.1]
	at com.baomidou.mybatisplus.generator.AutoGenerator.execute(AutoGenerator.java:106) [mybatis-plus-generator-3.4.1.jar:3.4.1]
	at com.demo.mybatisplus.CodeGenerator.main(CodeGenerator.java:119) [classes/:?]
16:12:52.489 [main] WARN  org.apache.velocity.deprecation - configuration key 'file.resource.loader.unicode' has been deprecated in favor of 'resource.loader.file.unicode'
16:12:52.493 [main] WARN  org.apache.velocity.deprecation - configuration key 'file.resource.loader.class' has been deprecated in favor of 'resource.loader.file.class'
16:12:52.594 [main] ERROR org.apache.velocity.parser - /templates/mapper.xml.ftl: Encountered "enableCache" at line 5, column 6.
Was expecting one of:
    "(" ...
    <WHITESPACE> ...
    <NEWLINE> ...
    
16:12:52.595 [main] ERROR org.apache.velocity.loader - ResourceManager: parse exception: Encountered "enableCache" at /templates/mapper.xml.ftl[line 5, column 6]
Was expecting one of:
    "(" ...
    <WHITESPACE> ...
    <NEWLINE> ...
    
16:12:52.596 [main] ERROR com.baomidou.mybatisplus.generator.engine.AbstractTemplateEngine - 
org.apache.velocity.exception.ParseErrorException: Encountered "enableCache" at /templates/mapper.xml.ftl[line 5, column 6]
Was expecting one of:
    "(" ...
    <WHITESPACE> ...
    <NEWLINE> ...
    
	at org.apache.velocity.Template.process(Template.java:154) ~[velocity-engine-core-2.3.jar:2.3]
	at org.apache.velocity.runtime.resource.ResourceManagerImpl.loadResource(ResourceManagerImpl.java:429) ~[velocity-engine-core-2.3.jar:2.3]
	at org.apache.velocity.runtime.resource.ResourceManagerImpl.getResource(ResourceManagerImpl.java:346) ~[velocity-engine-core-2.3.jar:2.3]
	at org.apache.velocity.runtime.RuntimeInstance.getTemplate(RuntimeInstance.java:1677) ~[velocity-engine-core-2.3.jar:2.3]
	at org.apache.velocity.app.VelocityEngine.getTemplate(VelocityEngine.java:333) ~[velocity-engine-core-2.3.jar:2.3]
	at com.baomidou.mybatisplus.generator.engine.VelocityTemplateEngine.writer(VelocityTemplateEngine.java:61) ~[mybatis-plus-generator-3.4.1.jar:3.4.1]
	at com.baomidou.mybatisplus.generator.engine.AbstractTemplateEngine.writerFile(AbstractTemplateEngine.java:137) ~[mybatis-plus-generator-3.4.1.jar:3.4.1]
	at com.baomidou.mybatisplus.generator.engine.AbstractTemplateEngine.batchOutput(AbstractTemplateEngine.java:81) [mybatis-plus-generator-3.4.1.jar:3.4.1]
	at com.baomidou.mybatisplus.generator.AutoGenerator.execute(AutoGenerator.java:106) [mybatis-plus-generator-3.4.1.jar:3.4.1]
	at com.demo.mybatisplus.CodeGenerator.main(CodeGenerator.java:119) [classes/:?]
16:13:23.153 [main] WARN  org.apache.velocity.deprecation - configuration key 'file.resource.loader.unicode' has been deprecated in favor of 'resource.loader.file.unicode'
16:13:23.155 [main] WARN  org.apache.velocity.deprecation - configuration key 'file.resource.loader.class' has been deprecated in favor of 'resource.loader.file.class'
16:15:09.702 [main] WARN  org.apache.velocity.deprecation - configuration key 'file.resource.loader.unicode' has been deprecated in favor of 'resource.loader.file.unicode'
16:15:09.705 [main] WARN  org.apache.velocity.deprecation - configuration key 'file.resource.loader.class' has been deprecated in favor of 'resource.loader.file.class'
16:17:45.687 [main] WARN  org.apache.velocity.deprecation - configuration key 'file.resource.loader.unicode' has been deprecated in favor of 'resource.loader.file.unicode'
16:17:45.689 [main] WARN  org.apache.velocity.deprecation - configuration key 'file.resource.loader.class' has been deprecated in favor of 'resource.loader.file.class'
16:20:28.237 [main] INFO  org.springframework.boot.test.context.SpringBootTestContextBootstrapper - Neither @ContextConfiguration nor @ContextHierarchy found for test class [com.demo.mybatisplus.MpTest], using SpringBootContextLoader
16:20:28.243 [main] INFO  org.springframework.test.context.support.AbstractContextLoader - Could not detect default resource locations for test class [com.demo.mybatisplus.MpTest]: no resource found for suffixes {-context.xml, Context.groovy}.
16:20:28.404 [main] INFO  org.springframework.boot.test.context.SpringBootTestContextBootstrapper - Loaded default TestExecutionListener class names from location [META-INF/spring.factories]: [org.springframework.boot.test.mock.mockito.MockitoTestExecutionListener, org.springframework.boot.test.mock.mockito.ResetMocksTestExecutionListener, org.springframework.boot.test.autoconfigure.restdocs.RestDocsTestExecutionListener, org.springframework.boot.test.autoconfigure.web.client.MockRestServiceServerResetTestExecutionListener, org.springframework.boot.test.autoconfigure.web.servlet.MockMvcPrintOnlyOnFailureTestExecutionListener, org.springframework.boot.test.autoconfigure.web.servlet.WebDriverTestExecutionListener, org.springframework.boot.test.autoconfigure.webservices.client.MockWebServiceServerTestExecutionListener, org.springframework.test.context.web.ServletTestExecutionListener, org.springframework.test.context.support.DirtiesContextBeforeModesTestExecutionListener, org.springframework.test.context.event.ApplicationEventsTestExecutionListener, org.springframework.test.context.support.DependencyInjectionTestExecutionListener, org.springframework.test.context.support.DirtiesContextTestExecutionListener, org.springframework.test.context.transaction.TransactionalTestExecutionListener, org.springframework.test.context.jdbc.SqlScriptsTestExecutionListener, org.springframework.test.context.event.EventPublishingTestExecutionListener]
16:20:28.420 [main] INFO  org.springframework.boot.test.context.SpringBootTestContextBootstrapper - Using TestExecutionListeners: [org.springframework.test.context.support.DirtiesContextBeforeModesTestExecutionListener@2bdd8394, org.springframework.test.context.event.ApplicationEventsTestExecutionListener@5f9edf14, org.springframework.boot.test.mock.mockito.MockitoTestExecutionListener@68746f22, org.springframework.boot.test.autoconfigure.SpringBootDependencyInjectionTestExecutionListener@2f01783a, org.springframework.test.context.support.DirtiesContextTestExecutionListener@68878f6d, org.springframework.test.context.transaction.TransactionalTestExecutionListener@41488b16, org.springframework.test.context.jdbc.SqlScriptsTestExecutionListener@a8ef162, org.springframework.test.context.event.EventPublishingTestExecutionListener@2eea88a1, org.springframework.boot.test.mock.mockito.ResetMocksTestExecutionListener@7ac296f6, org.springframework.boot.test.autoconfigure.restdocs.RestDocsTestExecutionListener@7fd7a283, org.springframework.boot.test.autoconfigure.web.client.MockRestServiceServerResetTestExecutionListener@22f59fa, org.springframework.boot.test.autoconfigure.web.servlet.MockMvcPrintOnlyOnFailureTestExecutionListener@78fa769e, org.springframework.boot.test.autoconfigure.web.servlet.WebDriverTestExecutionListener@16612a51, org.springframework.boot.test.autoconfigure.webservices.client.MockWebServiceServerTestExecutionListener@54e041a4]
16:20:28.777 [main] INFO  com.demo.mybatisplus.MpTest - Starting MpTest using Java 1.8.0_261 on DESKTOP-OG4OIQJ with PID 7148 (started by dell in C:\IdeaProjects\demo)
16:20:28.778 [main] INFO  com.demo.mybatisplus.MpTest - The following profiles are active: local
16:20:29.390 [main] INFO  com.alibaba.druid.spring.boot.autoconfigure.DruidDataSourceAutoConfigure - Init DruidDataSource
16:20:29.510 [main] INFO  com.alibaba.druid.pool.DruidDataSource - {dataSource-1} inited
16:20:30.293 [main] INFO  com.demo.mybatisplus.MpTest - Started MpTest in 1.804 seconds (JVM running for 2.828)
16:20:30.536 [SpringApplicationShutdownHook] INFO  com.alibaba.druid.pool.DruidDataSource - {dataSource-1} closing ...
16:20:30.538 [SpringApplicationShutdownHook] INFO  com.alibaba.druid.pool.DruidDataSource - {dataSource-1} closed
16:21:13.789 [main] WARN  org.apache.velocity.deprecation - configuration key 'file.resource.loader.unicode' has been deprecated in favor of 'resource.loader.file.unicode'
16:21:13.791 [main] WARN  org.apache.velocity.deprecation - configuration key 'file.resource.loader.class' has been deprecated in favor of 'resource.loader.file.class'
16:21:42.600 [main] WARN  org.apache.velocity.deprecation - configuration key 'file.resource.loader.unicode' has been deprecated in favor of 'resource.loader.file.unicode'
16:21:42.602 [main] WARN  org.apache.velocity.deprecation - configuration key 'file.resource.loader.class' has been deprecated in favor of 'resource.loader.file.class'
16:22:42.499 [main] INFO  org.springframework.boot.test.context.SpringBootTestContextBootstrapper - Neither @ContextConfiguration nor @ContextHierarchy found for test class [com.demo.mybatisplus.MpTest], using SpringBootContextLoader
16:22:42.502 [main] INFO  org.springframework.test.context.support.AbstractContextLoader - Could not detect default resource locations for test class [com.demo.mybatisplus.MpTest]: no resource found for suffixes {-context.xml, Context.groovy}.
16:22:42.651 [main] INFO  org.springframework.boot.test.context.SpringBootTestContextBootstrapper - Loaded default TestExecutionListener class names from location [META-INF/spring.factories]: [org.springframework.boot.test.mock.mockito.MockitoTestExecutionListener, org.springframework.boot.test.mock.mockito.ResetMocksTestExecutionListener, org.springframework.boot.test.autoconfigure.restdocs.RestDocsTestExecutionListener, org.springframework.boot.test.autoconfigure.web.client.MockRestServiceServerResetTestExecutionListener, org.springframework.boot.test.autoconfigure.web.servlet.MockMvcPrintOnlyOnFailureTestExecutionListener, org.springframework.boot.test.autoconfigure.web.servlet.WebDriverTestExecutionListener, org.springframework.boot.test.autoconfigure.webservices.client.MockWebServiceServerTestExecutionListener, org.springframework.test.context.web.ServletTestExecutionListener, org.springframework.test.context.support.DirtiesContextBeforeModesTestExecutionListener, org.springframework.test.context.event.ApplicationEventsTestExecutionListener, org.springframework.test.context.support.DependencyInjectionTestExecutionListener, org.springframework.test.context.support.DirtiesContextTestExecutionListener, org.springframework.test.context.transaction.TransactionalTestExecutionListener, org.springframework.test.context.jdbc.SqlScriptsTestExecutionListener, org.springframework.test.context.event.EventPublishingTestExecutionListener]
16:22:42.665 [main] INFO  org.springframework.boot.test.context.SpringBootTestContextBootstrapper - Using TestExecutionListeners: [org.springframework.test.context.support.DirtiesContextBeforeModesTestExecutionListener@2bdd8394, org.springframework.test.context.event.ApplicationEventsTestExecutionListener@5f9edf14, org.springframework.boot.test.mock.mockito.MockitoTestExecutionListener@68746f22, org.springframework.boot.test.autoconfigure.SpringBootDependencyInjectionTestExecutionListener@2f01783a, org.springframework.test.context.support.DirtiesContextTestExecutionListener@68878f6d, org.springframework.test.context.transaction.TransactionalTestExecutionListener@41488b16, org.springframework.test.context.jdbc.SqlScriptsTestExecutionListener@a8ef162, org.springframework.test.context.event.EventPublishingTestExecutionListener@2eea88a1, org.springframework.boot.test.mock.mockito.ResetMocksTestExecutionListener@7ac296f6, org.springframework.boot.test.autoconfigure.restdocs.RestDocsTestExecutionListener@7fd7a283, org.springframework.boot.test.autoconfigure.web.client.MockRestServiceServerResetTestExecutionListener@22f59fa, org.springframework.boot.test.autoconfigure.web.servlet.MockMvcPrintOnlyOnFailureTestExecutionListener@78fa769e, org.springframework.boot.test.autoconfigure.web.servlet.WebDriverTestExecutionListener@16612a51, org.springframework.boot.test.autoconfigure.webservices.client.MockWebServiceServerTestExecutionListener@54e041a4]
16:22:42.978 [main] INFO  com.demo.mybatisplus.MpTest - Starting MpTest using Java 1.8.0_261 on DESKTOP-OG4OIQJ with PID 22152 (started by dell in C:\IdeaProjects\demo)
16:22:42.979 [main] INFO  com.demo.mybatisplus.MpTest - The following profiles are active: local
16:22:43.573 [main] INFO  com.alibaba.druid.spring.boot.autoconfigure.DruidDataSourceAutoConfigure - Init DruidDataSource
16:22:43.715 [main] INFO  com.alibaba.druid.pool.DruidDataSource - {dataSource-1} inited
16:22:44.403 [main] INFO  com.demo.mybatisplus.MpTest - Started MpTest in 1.697 seconds (JVM running for 2.641)
16:22:44.609 [SpringApplicationShutdownHook] INFO  com.alibaba.druid.pool.DruidDataSource - {dataSource-1} closing ...
16:22:44.610 [SpringApplicationShutdownHook] INFO  com.alibaba.druid.pool.DruidDataSource - {dataSource-1} closed
16:23:28.354 [main] INFO  org.springframework.boot.test.context.SpringBootTestContextBootstrapper - Neither @ContextConfiguration nor @ContextHierarchy found for test class [com.demo.mybatisplus.MpTest], using SpringBootContextLoader
16:23:28.360 [main] INFO  org.springframework.test.context.support.AbstractContextLoader - Could not detect default resource locations for test class [com.demo.mybatisplus.MpTest]: no resource found for suffixes {-context.xml, Context.groovy}.
16:23:28.525 [main] INFO  org.springframework.boot.test.context.SpringBootTestContextBootstrapper - Loaded default TestExecutionListener class names from location [META-INF/spring.factories]: [org.springframework.boot.test.mock.mockito.MockitoTestExecutionListener, org.springframework.boot.test.mock.mockito.ResetMocksTestExecutionListener, org.springframework.boot.test.autoconfigure.restdocs.RestDocsTestExecutionListener, org.springframework.boot.test.autoconfigure.web.client.MockRestServiceServerResetTestExecutionListener, org.springframework.boot.test.autoconfigure.web.servlet.MockMvcPrintOnlyOnFailureTestExecutionListener, org.springframework.boot.test.autoconfigure.web.servlet.WebDriverTestExecutionListener, org.springframework.boot.test.autoconfigure.webservices.client.MockWebServiceServerTestExecutionListener, org.springframework.test.context.web.ServletTestExecutionListener, org.springframework.test.context.support.DirtiesContextBeforeModesTestExecutionListener, org.springframework.test.context.event.ApplicationEventsTestExecutionListener, org.springframework.test.context.support.DependencyInjectionTestExecutionListener, org.springframework.test.context.support.DirtiesContextTestExecutionListener, org.springframework.test.context.transaction.TransactionalTestExecutionListener, org.springframework.test.context.jdbc.SqlScriptsTestExecutionListener, org.springframework.test.context.event.EventPublishingTestExecutionListener]
16:23:28.538 [main] INFO  org.springframework.boot.test.context.SpringBootTestContextBootstrapper - Using TestExecutionListeners: [org.springframework.test.context.support.DirtiesContextBeforeModesTestExecutionListener@2bdd8394, org.springframework.test.context.event.ApplicationEventsTestExecutionListener@5f9edf14, org.springframework.boot.test.mock.mockito.MockitoTestExecutionListener@68746f22, org.springframework.boot.test.autoconfigure.SpringBootDependencyInjectionTestExecutionListener@2f01783a, org.springframework.test.context.support.DirtiesContextTestExecutionListener@68878f6d, org.springframework.test.context.transaction.TransactionalTestExecutionListener@41488b16, org.springframework.test.context.jdbc.SqlScriptsTestExecutionListener@a8ef162, org.springframework.test.context.event.EventPublishingTestExecutionListener@2eea88a1, org.springframework.boot.test.mock.mockito.ResetMocksTestExecutionListener@7ac296f6, org.springframework.boot.test.autoconfigure.restdocs.RestDocsTestExecutionListener@7fd7a283, org.springframework.boot.test.autoconfigure.web.client.MockRestServiceServerResetTestExecutionListener@22f59fa, org.springframework.boot.test.autoconfigure.web.servlet.MockMvcPrintOnlyOnFailureTestExecutionListener@78fa769e, org.springframework.boot.test.autoconfigure.web.servlet.WebDriverTestExecutionListener@16612a51, org.springframework.boot.test.autoconfigure.webservices.client.MockWebServiceServerTestExecutionListener@54e041a4]
16:23:28.889 [main] INFO  com.demo.mybatisplus.MpTest - Starting MpTest using Java 1.8.0_261 on DESKTOP-OG4OIQJ with PID 24484 (started by dell in C:\IdeaProjects\demo)
16:23:28.890 [main] INFO  com.demo.mybatisplus.MpTest - The following profiles are active: local
16:23:29.423 [main] INFO  com.alibaba.druid.spring.boot.autoconfigure.DruidDataSourceAutoConfigure - Init DruidDataSource
16:23:29.538 [main] INFO  com.alibaba.druid.pool.DruidDataSource - {dataSource-1} inited
16:23:30.247 [main] INFO  com.demo.mybatisplus.MpTest - Started MpTest in 1.665 seconds (JVM running for 2.649)
16:23:30.630 [SpringApplicationShutdownHook] INFO  com.alibaba.druid.pool.DruidDataSource - {dataSource-1} closing ...
16:23:30.636 [SpringApplicationShutdownHook] INFO  com.alibaba.druid.pool.DruidDataSource - {dataSource-1} closed
